
*** Running vivado
    with args -log design_MAC_floating_point_0_0.vds -m64 -product Vivado -mode batch -messageDb vivado.pb -notrace -source design_MAC_floating_point_0_0.tcl


****** Vivado v2018.3 (64-bit)
  **** SW Build 2405991 on Thu Dec  6 23:38:27 MST 2018
  **** IP Build 2404404 on Fri Dec  7 01:43:56 MST 2018
    ** Copyright 1986-2018 Xilinx, Inc. All Rights Reserved.

source design_MAC_floating_point_0_0.tcl -notrace
INFO: [IP_Flow 19-234] Refreshing IP repositories
INFO: [IP_Flow 19-1700] Loaded user IP repository 'c:/Users/anuragchoudhury/Desktop/local_documents/Vivado/LUD_v3_3_ip_project/Hardware/LUD_v3_2_ip'.
WARNING: [IP_Flow 19-2248] Failed to load user IP repository 'c:/Users/anuragchoudhury/Desktop/local_documents/Vivado/LUD_v3_3_ip_project/Hardware/LUD_v3_1_ip'; Can't find the specified path.
If this directory should no longer be in your list of user repositories, go to the IP Settings dialog and remove it.
WARNING: [IP_Flow 19-2248] Failed to load user IP repository 'c:/Users/anuragchoudhury/Desktop/local_documents/Vivado/LUD_v3_3_ip_project/Hardware/lud_ip_v2'; Can't find the specified path.
If this directory should no longer be in your list of user repositories, go to the IP Settings dialog and remove it.
INFO: [IP_Flow 19-2313] Loaded Vivado IP repository 'C:/Xilinx/Vivado/2018.3/data/ip'.
WARNING: [IP_Flow 19-4995] The host OS only allows 260 characters in a normal path. The IP cache path is more than 80 characters. If you experience issues with IP caching, please consider changing the IP cache to a location with a shorter path. Alternately consider using the OS subst command to map part of the path to a drive letter. 
Current IP cache path is c:/Users/anuragchoudhury/Desktop/local_documents/Vivado/LUD_v3_3_ip_project/Hardware/vivadoProjects/project_LUDH/project_LUDH.cache/ip 
Command: synth_design -top design_MAC_floating_point_0_0 -part xczu7ev-ffvc1156-2-e -mode out_of_context
Starting synth_design
Attempting to get a license for feature 'Synthesis' and/or device 'xczu7ev'
INFO: [Common 17-349] Got license for feature 'Synthesis' and/or device 'xczu7ev'
INFO: Launching helper process for spawning children vivado processes
INFO: Helper process launched with PID 12684 
---------------------------------------------------------------------------------
Starting RTL Elaboration : Time (s): cpu = 00:00:05 ; elapsed = 00:00:06 . Memory (MB): peak = 397.191 ; gain = 96.484
---------------------------------------------------------------------------------
INFO: [Synth 8-638] synthesizing module 'design_MAC_floating_point_0_0' [c:/Users/anuragchoudhury/Desktop/local_documents/Vivado/LUD_v3_3_ip_project/Hardware/vivadoProjects/project_LUDH/project_LUDH.srcs/sources_1/bd/design_MAC/ip/design_MAC_floating_point_0_0/synth/design_MAC_floating_point_0_0.vhd:80]
	Parameter C_XDEVICEFAMILY bound to: zynquplus - type: string 
	Parameter C_HAS_ADD bound to: 0 - type: integer 
	Parameter C_HAS_SUBTRACT bound to: 0 - type: integer 
	Parameter C_HAS_MULTIPLY bound to: 0 - type: integer 
	Parameter C_HAS_DIVIDE bound to: 0 - type: integer 
	Parameter C_HAS_SQRT bound to: 0 - type: integer 
	Parameter C_HAS_COMPARE bound to: 0 - type: integer 
	Parameter C_HAS_FIX_TO_FLT bound to: 0 - type: integer 
	Parameter C_HAS_FLT_TO_FIX bound to: 0 - type: integer 
	Parameter C_HAS_FLT_TO_FLT bound to: 0 - type: integer 
	Parameter C_HAS_RECIP bound to: 0 - type: integer 
	Parameter C_HAS_RECIP_SQRT bound to: 0 - type: integer 
	Parameter C_HAS_ABSOLUTE bound to: 0 - type: integer 
	Parameter C_HAS_LOGARITHM bound to: 0 - type: integer 
	Parameter C_HAS_EXPONENTIAL bound to: 0 - type: integer 
	Parameter C_HAS_FMA bound to: 1 - type: integer 
	Parameter C_HAS_FMS bound to: 1 - type: integer 
	Parameter C_HAS_ACCUMULATOR_A bound to: 0 - type: integer 
	Parameter C_HAS_ACCUMULATOR_S bound to: 0 - type: integer 
	Parameter C_A_WIDTH bound to: 32 - type: integer 
	Parameter C_A_FRACTION_WIDTH bound to: 24 - type: integer 
	Parameter C_B_WIDTH bound to: 32 - type: integer 
	Parameter C_B_FRACTION_WIDTH bound to: 24 - type: integer 
	Parameter C_C_WIDTH bound to: 32 - type: integer 
	Parameter C_C_FRACTION_WIDTH bound to: 24 - type: integer 
	Parameter C_RESULT_WIDTH bound to: 32 - type: integer 
	Parameter C_RESULT_FRACTION_WIDTH bound to: 24 - type: integer 
	Parameter C_COMPARE_OPERATION bound to: 8 - type: integer 
	Parameter C_LATENCY bound to: 16 - type: integer 
	Parameter C_OPTIMIZATION bound to: 1 - type: integer 
	Parameter C_MULT_USAGE bound to: 2 - type: integer 
	Parameter C_BRAM_USAGE bound to: 0 - type: integer 
	Parameter C_RATE bound to: 1 - type: integer 
	Parameter C_ACCUM_INPUT_MSB bound to: 32 - type: integer 
	Parameter C_ACCUM_MSB bound to: 32 - type: integer 
	Parameter C_ACCUM_LSB bound to: -31 - type: integer 
	Parameter C_HAS_UNDERFLOW bound to: 0 - type: integer 
	Parameter C_HAS_OVERFLOW bound to: 0 - type: integer 
	Parameter C_HAS_INVALID_OP bound to: 0 - type: integer 
	Parameter C_HAS_DIVIDE_BY_ZERO bound to: 0 - type: integer 
	Parameter C_HAS_ACCUM_OVERFLOW bound to: 0 - type: integer 
	Parameter C_HAS_ACCUM_INPUT_OVERFLOW bound to: 0 - type: integer 
	Parameter C_HAS_ACLKEN bound to: 0 - type: integer 
	Parameter C_HAS_ARESETN bound to: 0 - type: integer 
	Parameter C_THROTTLE_SCHEME bound to: 1 - type: integer 
	Parameter C_HAS_A_TUSER bound to: 0 - type: integer 
	Parameter C_HAS_A_TLAST bound to: 0 - type: integer 
	Parameter C_HAS_B bound to: 1 - type: integer 
	Parameter C_HAS_B_TUSER bound to: 0 - type: integer 
	Parameter C_HAS_B_TLAST bound to: 0 - type: integer 
	Parameter C_HAS_C bound to: 1 - type: integer 
	Parameter C_HAS_C_TUSER bound to: 0 - type: integer 
	Parameter C_HAS_C_TLAST bound to: 0 - type: integer 
	Parameter C_HAS_OPERATION bound to: 1 - type: integer 
	Parameter C_HAS_OPERATION_TUSER bound to: 0 - type: integer 
	Parameter C_HAS_OPERATION_TLAST bound to: 0 - type: integer 
	Parameter C_HAS_RESULT_TUSER bound to: 0 - type: integer 
	Parameter C_HAS_RESULT_TLAST bound to: 0 - type: integer 
	Parameter C_TLAST_RESOLUTION bound to: 0 - type: integer 
	Parameter C_A_TDATA_WIDTH bound to: 32 - type: integer 
	Parameter C_A_TUSER_WIDTH bound to: 1 - type: integer 
	Parameter C_B_TDATA_WIDTH bound to: 32 - type: integer 
	Parameter C_B_TUSER_WIDTH bound to: 1 - type: integer 
	Parameter C_C_TDATA_WIDTH bound to: 32 - type: integer 
	Parameter C_C_TUSER_WIDTH bound to: 1 - type: integer 
	Parameter C_OPERATION_TDATA_WIDTH bound to: 8 - type: integer 
	Parameter C_OPERATION_TUSER_WIDTH bound to: 1 - type: integer 
	Parameter C_RESULT_TDATA_WIDTH bound to: 32 - type: integer 
	Parameter C_RESULT_TUSER_WIDTH bound to: 1 - type: integer 
	Parameter C_FIXED_DATA_UNSIGNED bound to: 0 - type: integer 
INFO: [Synth 8-3491] module 'floating_point_v7_1_7' declared at 'c:/Users/anuragchoudhury/Desktop/local_documents/Vivado/LUD_v3_3_ip_project/Hardware/vivadoProjects/project_LUDH/project_LUDH.srcs/sources_1/bd/design_MAC/ipshared/c63e/hdl/floating_point_v7_1_vh_rfs.vhd:91615' bound to instance 'U0' of component 'floating_point_v7_1_7' [c:/Users/anuragchoudhury/Desktop/local_documents/Vivado/LUD_v3_3_ip_project/Hardware/vivadoProjects/project_LUDH/project_LUDH.srcs/sources_1/bd/design_MAC/ip/design_MAC_floating_point_0_0/synth/design_MAC_floating_point_0_0.vhd:234]
INFO: [Synth 8-256] done synthesizing module 'design_MAC_floating_point_0_0' (37#1) [c:/Users/anuragchoudhury/Desktop/local_documents/Vivado/LUD_v3_3_ip_project/Hardware/vivadoProjects/project_LUDH/project_LUDH.srcs/sources_1/bd/design_MAC/ip/design_MAC_floating_point_0_0/synth/design_MAC_floating_point_0_0.vhd:80]
WARNING: [Synth 8-3331] design axi_slave_4to1 has unconnected port s_axis_a_tuser[0]
WARNING: [Synth 8-3331] design axi_slave_4to1 has unconnected port s_axis_a_tlast
WARNING: [Synth 8-3331] design axi_slave_4to1 has unconnected port s_axis_b_tuser[0]
WARNING: [Synth 8-3331] design axi_slave_4to1 has unconnected port s_axis_b_tlast
WARNING: [Synth 8-3331] design axi_slave_4to1 has unconnected port s_axis_c_tuser[0]
WARNING: [Synth 8-3331] design axi_slave_4to1 has unconnected port s_axis_c_tlast
WARNING: [Synth 8-3331] design axi_slave_4to1 has unconnected port s_axis_d_tuser[0]
WARNING: [Synth 8-3331] design axi_slave_4to1 has unconnected port s_axis_d_tlast
WARNING: [Synth 8-3331] design xbip_pipe_v3_0_5_viv__parameterized1 has unconnected port SCLR
WARNING: [Synth 8-3331] design xbip_pipe_v3_0_5_viv__parameterized1 has unconnected port SSET
WARNING: [Synth 8-3331] design xbip_pipe_v3_0_5_viv__parameterized1 has unconnected port SINIT
WARNING: [Synth 8-3331] design xbip_pipe_v3_0_5_viv__parameterized25 has unconnected port SCLR
WARNING: [Synth 8-3331] design xbip_pipe_v3_0_5_viv__parameterized25 has unconnected port SSET
WARNING: [Synth 8-3331] design xbip_pipe_v3_0_5_viv__parameterized25 has unconnected port SINIT
WARNING: [Synth 8-3331] design flt_dec_op has unconnected port DEC_OP_STATE[11]
WARNING: [Synth 8-3331] design flt_dec_op has unconnected port DEC_OP_STATE[10]
WARNING: [Synth 8-3331] design flt_dec_op has unconnected port DEC_OP_STATE[9]
WARNING: [Synth 8-3331] design flt_dec_op has unconnected port DEC_OP_STATE[8]
WARNING: [Synth 8-3331] design flt_dec_op has unconnected port DIVIDE_BY_ZERO_IN
WARNING: [Synth 8-3331] design xbip_pipe_v3_0_5_viv__parameterized115 has unconnected port SCLR
WARNING: [Synth 8-3331] design xbip_pipe_v3_0_5_viv__parameterized115 has unconnected port SSET
WARNING: [Synth 8-3331] design xbip_pipe_v3_0_5_viv__parameterized115 has unconnected port SINIT
WARNING: [Synth 8-3331] design xbip_pipe_v3_0_5_viv__parameterized97 has unconnected port SCLR
WARNING: [Synth 8-3331] design xbip_pipe_v3_0_5_viv__parameterized97 has unconnected port SSET
WARNING: [Synth 8-3331] design xbip_pipe_v3_0_5_viv__parameterized97 has unconnected port SINIT
WARNING: [Synth 8-3331] design xbip_pipe_v3_0_5_viv__parameterized7 has unconnected port SCLR
WARNING: [Synth 8-3331] design xbip_pipe_v3_0_5_viv__parameterized7 has unconnected port SSET
WARNING: [Synth 8-3331] design xbip_pipe_v3_0_5_viv__parameterized7 has unconnected port SINIT
WARNING: [Synth 8-3331] design xbip_pipe_v3_0_5_viv__parameterized79 has unconnected port SCLR
WARNING: [Synth 8-3331] design xbip_pipe_v3_0_5_viv__parameterized79 has unconnected port SSET
WARNING: [Synth 8-3331] design xbip_pipe_v3_0_5_viv__parameterized79 has unconnected port SINIT
WARNING: [Synth 8-3331] design xbip_pipe_v3_0_5_viv__parameterized77 has unconnected port SCLR
WARNING: [Synth 8-3331] design xbip_pipe_v3_0_5_viv__parameterized77 has unconnected port SSET
WARNING: [Synth 8-3331] design xbip_pipe_v3_0_5_viv__parameterized77 has unconnected port SINIT
WARNING: [Synth 8-3331] design xbip_pipe_v3_0_5_viv__parameterized121 has unconnected port SCLR
WARNING: [Synth 8-3331] design xbip_pipe_v3_0_5_viv__parameterized121 has unconnected port SSET
WARNING: [Synth 8-3331] design xbip_pipe_v3_0_5_viv__parameterized121 has unconnected port SINIT
WARNING: [Synth 8-3331] design xbip_pipe_v3_0_5_viv__parameterized101 has unconnected port CLK
WARNING: [Synth 8-3331] design xbip_pipe_v3_0_5_viv__parameterized101 has unconnected port CE
WARNING: [Synth 8-3331] design xbip_pipe_v3_0_5_viv__parameterized101 has unconnected port SCLR
WARNING: [Synth 8-3331] design xbip_pipe_v3_0_5_viv__parameterized101 has unconnected port SSET
WARNING: [Synth 8-3331] design xbip_pipe_v3_0_5_viv__parameterized101 has unconnected port SINIT
WARNING: [Synth 8-3331] design xbip_pipe_v3_0_5_viv__parameterized123 has unconnected port CLK
WARNING: [Synth 8-3331] design xbip_pipe_v3_0_5_viv__parameterized123 has unconnected port CE
WARNING: [Synth 8-3331] design xbip_pipe_v3_0_5_viv__parameterized123 has unconnected port SCLR
WARNING: [Synth 8-3331] design xbip_pipe_v3_0_5_viv__parameterized123 has unconnected port SSET
WARNING: [Synth 8-3331] design xbip_pipe_v3_0_5_viv__parameterized123 has unconnected port SINIT
WARNING: [Synth 8-3331] design xbip_pipe_v3_0_5_viv__parameterized3 has unconnected port CLK
WARNING: [Synth 8-3331] design xbip_pipe_v3_0_5_viv__parameterized3 has unconnected port CE
WARNING: [Synth 8-3331] design xbip_pipe_v3_0_5_viv__parameterized3 has unconnected port SCLR
WARNING: [Synth 8-3331] design xbip_pipe_v3_0_5_viv__parameterized3 has unconnected port SSET
WARNING: [Synth 8-3331] design xbip_pipe_v3_0_5_viv__parameterized3 has unconnected port SINIT
WARNING: [Synth 8-3331] design xbip_pipe_v3_0_5_viv__parameterized33 has unconnected port CLK
WARNING: [Synth 8-3331] design xbip_pipe_v3_0_5_viv__parameterized33 has unconnected port CE
WARNING: [Synth 8-3331] design xbip_pipe_v3_0_5_viv__parameterized33 has unconnected port SCLR
WARNING: [Synth 8-3331] design xbip_pipe_v3_0_5_viv__parameterized33 has unconnected port SSET
WARNING: [Synth 8-3331] design xbip_pipe_v3_0_5_viv__parameterized33 has unconnected port SINIT
WARNING: [Synth 8-3331] design xbip_pipe_v3_0_5_viv__parameterized119 has unconnected port CLK
WARNING: [Synth 8-3331] design xbip_pipe_v3_0_5_viv__parameterized119 has unconnected port CE
WARNING: [Synth 8-3331] design xbip_pipe_v3_0_5_viv__parameterized119 has unconnected port SCLR
WARNING: [Synth 8-3331] design xbip_pipe_v3_0_5_viv__parameterized119 has unconnected port SSET
WARNING: [Synth 8-3331] design xbip_pipe_v3_0_5_viv__parameterized119 has unconnected port SINIT
WARNING: [Synth 8-3331] design carry_chain__parameterized11 has unconnected port CARRYS_OUT[6]
WARNING: [Synth 8-3331] design carry_chain__parameterized11 has unconnected port CARRYS_OUT[5]
WARNING: [Synth 8-3331] design carry_chain__parameterized11 has unconnected port CARRYS_OUT[4]
WARNING: [Synth 8-3331] design carry_chain__parameterized11 has unconnected port CARRYS_OUT[3]
WARNING: [Synth 8-3331] design carry_chain__parameterized11 has unconnected port CARRYS_OUT[2]
WARNING: [Synth 8-3331] design carry_chain__parameterized11 has unconnected port CARRYS_OUT[1]
WARNING: [Synth 8-3331] design carry_chain__parameterized11 has unconnected port CARRYS_OUT[0]
WARNING: [Synth 8-3331] design compare_eq_im__parameterized1 has unconnected port CARRYS_OUT[0]
WARNING: [Synth 8-3331] design special_detect__parameterized0 has unconnected port A[56]
WARNING: [Synth 8-3331] design xbip_pipe_v3_0_5_viv__parameterized113 has unconnected port SCLR
WARNING: [Synth 8-3331] design xbip_pipe_v3_0_5_viv__parameterized113 has unconnected port SSET
WARNING: [Synth 8-3331] design xbip_pipe_v3_0_5_viv__parameterized113 has unconnected port SINIT
WARNING: [Synth 8-3331] design xbip_pipe_v3_0_5_viv__parameterized111 has unconnected port CLK
WARNING: [Synth 8-3331] design xbip_pipe_v3_0_5_viv__parameterized111 has unconnected port CE
WARNING: [Synth 8-3331] design xbip_pipe_v3_0_5_viv__parameterized111 has unconnected port SCLR
WARNING: [Synth 8-3331] design xbip_pipe_v3_0_5_viv__parameterized111 has unconnected port SSET
WARNING: [Synth 8-3331] design xbip_pipe_v3_0_5_viv__parameterized111 has unconnected port SINIT
WARNING: [Synth 8-3331] design xbip_pipe_v3_0_5_viv__parameterized109 has unconnected port CLK
WARNING: [Synth 8-3331] design xbip_pipe_v3_0_5_viv__parameterized109 has unconnected port CE
WARNING: [Synth 8-3331] design xbip_pipe_v3_0_5_viv__parameterized109 has unconnected port SCLR
WARNING: [Synth 8-3331] design xbip_pipe_v3_0_5_viv__parameterized109 has unconnected port SSET
WARNING: [Synth 8-3331] design xbip_pipe_v3_0_5_viv__parameterized109 has unconnected port SINIT
WARNING: [Synth 8-3331] design carry_chain__parameterized10 has unconnected port B[9]
WARNING: [Synth 8-3331] design xbip_pipe_v3_0_5_viv__parameterized117 has unconnected port CLK
WARNING: [Synth 8-3331] design xbip_pipe_v3_0_5_viv__parameterized117 has unconnected port CE
WARNING: [Synth 8-3331] design xbip_pipe_v3_0_5_viv__parameterized117 has unconnected port SCLR
WARNING: [Synth 8-3331] design xbip_pipe_v3_0_5_viv__parameterized117 has unconnected port SSET
WARNING: [Synth 8-3331] design xbip_pipe_v3_0_5_viv__parameterized117 has unconnected port SINIT
WARNING: [Synth 8-3331] design xbip_pipe_v3_0_5_viv__parameterized9 has unconnected port SCLR
WARNING: [Synth 8-3331] design xbip_pipe_v3_0_5_viv__parameterized9 has unconnected port SSET
WARNING: [Synth 8-3331] design xbip_pipe_v3_0_5_viv__parameterized9 has unconnected port SINIT
WARNING: [Synth 8-3331] design xbip_pipe_v3_0_5_viv__parameterized11 has unconnected port SCLR
WARNING: [Synth 8-3331] design xbip_pipe_v3_0_5_viv__parameterized11 has unconnected port SSET
WARNING: [Synth 8-3331] design xbip_pipe_v3_0_5_viv__parameterized11 has unconnected port SINIT
WARNING: [Synth 8-3331] design xbip_pipe_v3_0_5_viv__parameterized107 has unconnected port SCLR
WARNING: [Synth 8-3331] design xbip_pipe_v3_0_5_viv__parameterized107 has unconnected port SSET
WARNING: [Synth 8-3331] design xbip_pipe_v3_0_5_viv__parameterized107 has unconnected port SINIT
WARNING: [Synth 8-3331] design xbip_pipe_v3_0_5_viv__parameterized105 has unconnected port SCLR
INFO: [Common 17-14] Message 'Synth 8-3331' appears 100 times and further instances of the messages will be disabled. Use the Tcl command set_msg_config to change the current settings.
---------------------------------------------------------------------------------
Finished RTL Elaboration : Time (s): cpu = 00:00:13 ; elapsed = 00:00:15 . Memory (MB): peak = 538.523 ; gain = 237.816
---------------------------------------------------------------------------------

Report Check Netlist: 
+------+------------------+-------+---------+-------+------------------+
|      |Item              |Errors |Warnings |Status |Description       |
+------+------------------+-------+---------+-------+------------------+
|1     |multi_driven_nets |      0|        0|Passed |Multi driven nets |
+------+------------------+-------+---------+-------+------------------+
---------------------------------------------------------------------------------
Start Handling Custom Attributes
---------------------------------------------------------------------------------
---------------------------------------------------------------------------------
Finished Handling Custom Attributes : Time (s): cpu = 00:00:14 ; elapsed = 00:00:16 . Memory (MB): peak = 538.523 ; gain = 237.816
---------------------------------------------------------------------------------
---------------------------------------------------------------------------------
Finished RTL Optimization Phase 1 : Time (s): cpu = 00:00:14 ; elapsed = 00:00:16 . Memory (MB): peak = 538.523 ; gain = 237.816
---------------------------------------------------------------------------------
INFO: [Netlist 29-17] Analyzing 207 Unisim elements for replacement
INFO: [Netlist 29-28] Unisim Transformation completed in 0 CPU seconds
INFO: [Device 21-403] Loading part xczu7ev-ffvc1156-2-e
INFO: [Project 1-570] Preparing netlist for logic optimization

Processing XDC Constraints
Initializing timing engine
Parsing XDC File [c:/Users/anuragchoudhury/Desktop/local_documents/Vivado/LUD_v3_3_ip_project/Hardware/vivadoProjects/project_LUDH/project_LUDH.srcs/sources_1/bd/design_MAC/ip/design_MAC_floating_point_0_0/design_MAC_floating_point_0_0_ooc.xdc] for cell 'U0'
Finished Parsing XDC File [c:/Users/anuragchoudhury/Desktop/local_documents/Vivado/LUD_v3_3_ip_project/Hardware/vivadoProjects/project_LUDH/project_LUDH.srcs/sources_1/bd/design_MAC/ip/design_MAC_floating_point_0_0/design_MAC_floating_point_0_0_ooc.xdc] for cell 'U0'
Parsing XDC File [C:/Users/anuragchoudhury/Desktop/local_documents/Vivado/LUD_v3_3_ip_project/Hardware/vivadoProjects/project_LUDH/project_LUDH.runs/design_MAC_floating_point_0_0_synth_1/dont_touch.xdc]
Finished Parsing XDC File [C:/Users/anuragchoudhury/Desktop/local_documents/Vivado/LUD_v3_3_ip_project/Hardware/vivadoProjects/project_LUDH/project_LUDH.runs/design_MAC_floating_point_0_0_synth_1/dont_touch.xdc]
Completed Processing XDC Constraints

Netlist sorting complete. Time (s): cpu = 00:00:00 ; elapsed = 00:00:00.005 . Memory (MB): peak = 1572.125 ; gain = 0.000
INFO: [Project 1-111] Unisim Transformation Summary:
  A total of 26 instances were transformed.
  DSP48E1 => DSP48E2 (DSP_ALU, DSP_A_B_DATA, DSP_C_DATA, DSP_MULTIPLIER, DSP_M_DATA, DSP_OUTPUT, DSP_PREADD_DATA, DSP_PREADD): 2 instances
  DSP48E2 => DSP48E2 (DSP_ALU, DSP_A_B_DATA, DSP_C_DATA, DSP_MULTIPLIER, DSP_M_DATA, DSP_OUTPUT, DSP_PREADD_DATA, DSP_PREADD): 2 instances
  FDE => FDRE: 22 instances

Netlist sorting complete. Time (s): cpu = 00:00:00 ; elapsed = 00:00:00.004 . Memory (MB): peak = 1572.125 ; gain = 0.000
Constraint Validation Runtime : Time (s): cpu = 00:00:00 ; elapsed = 00:00:00.082 . Memory (MB): peak = 1572.125 ; gain = 0.000
---------------------------------------------------------------------------------
Finished Constraint Validation : Time (s): cpu = 00:00:27 ; elapsed = 00:00:34 . Memory (MB): peak = 1572.125 ; gain = 1271.418
---------------------------------------------------------------------------------
---------------------------------------------------------------------------------
Start Loading Part and Timing Information
---------------------------------------------------------------------------------
Loading part: xczu7ev-ffvc1156-2-e
INFO: [Synth 8-6742] Reading net delay rules and data
---------------------------------------------------------------------------------
Finished Loading Part and Timing Information : Time (s): cpu = 00:00:27 ; elapsed = 00:00:34 . Memory (MB): peak = 1572.125 ; gain = 1271.418
---------------------------------------------------------------------------------
---------------------------------------------------------------------------------
Start Applying 'set_property' XDC Constraints
---------------------------------------------------------------------------------
Applied set_property DONT_TOUCH = true for U0. (constraint file  C:/Users/anuragchoudhury/Desktop/local_documents/Vivado/LUD_v3_3_ip_project/Hardware/vivadoProjects/project_LUDH/project_LUDH.runs/design_MAC_floating_point_0_0_synth_1/dont_touch.xdc, line 9).
---------------------------------------------------------------------------------
Finished applying 'set_property' XDC Constraints : Time (s): cpu = 00:00:27 ; elapsed = 00:00:34 . Memory (MB): peak = 1572.125 ; gain = 1271.418
---------------------------------------------------------------------------------
INFO: [Synth 8-5546] ROM "exp_all_one_ip" won't be mapped to RAM because it is too sparse
INFO: [Synth 8-5546] ROM "exp_all_zero_ip" won't be mapped to RAM because it is too sparse
INFO: [Synth 8-5544] ROM "enc_chunk" won't be mapped to Block RAM because address size (4) smaller than threshold (5)
INFO: [Synth 8-5544] ROM "enc_chunk" won't be mapped to Block RAM because address size (4) smaller than threshold (5)
INFO: [Synth 8-5544] ROM "enc_chunk" won't be mapped to Block RAM because address size (4) smaller than threshold (5)
INFO: [Synth 8-5544] ROM "enc_chunk" won't be mapped to Block RAM because address size (4) smaller than threshold (5)
INFO: [Synth 8-5544] ROM "enc_chunk" won't be mapped to Block RAM because address size (4) smaller than threshold (5)
INFO: [Synth 8-5544] ROM "enc_chunk" won't be mapped to Block RAM because address size (4) smaller than threshold (5)
INFO: [Synth 8-5544] ROM "enc_chunk" won't be mapped to Block RAM because address size (4) smaller than threshold (5)
INFO: [Synth 8-5544] ROM "enc_chunk" won't be mapped to Block RAM because address size (4) smaller than threshold (5)
INFO: [Synth 8-5544] ROM "enc_chunk" won't be mapped to Block RAM because address size (4) smaller than threshold (5)
INFO: [Synth 8-5544] ROM "enc_chunk" won't be mapped to Block RAM because address size (4) smaller than threshold (5)
INFO: [Synth 8-5544] ROM "enc_chunk" won't be mapped to Block RAM because address size (4) smaller than threshold (5)
INFO: [Synth 8-5544] ROM "enc_chunk" won't be mapped to Block RAM because address size (4) smaller than threshold (5)
INFO: [Synth 8-5544] ROM "enc_chunk" won't be mapped to Block RAM because address size (4) smaller than threshold (5)
INFO: [Synth 8-5544] ROM "enc_chunk" won't be mapped to Block RAM because address size (4) smaller than threshold (5)
INFO: [Synth 8-5544] ROM "enc_chunk" won't be mapped to Block RAM because address size (4) smaller than threshold (5)
INFO: [Synth 8-5544] ROM "enc_chunk" won't be mapped to Block RAM because address size (4) smaller than threshold (5)
INFO: [Synth 8-5546] ROM "exp_all_one_ip" won't be mapped to RAM because it is too sparse
INFO: [Synth 8-5546] ROM "exp_all_zero_ip" won't be mapped to RAM because it is too sparse
INFO: [Synth 8-5546] ROM "lrg_almost_over" won't be mapped to RAM because it is too sparse
INFO: [Synth 8-5546] ROM "lrg_almost_over" won't be mapped to RAM because it is too sparse
INFO: [Synth 8-5544] ROM "det_state" won't be mapped to Block RAM because address size (1) smaller than threshold (5)
INFO: [Synth 8-5544] ROM "flow_sel_pre_op" won't be mapped to Block RAM because address size (2) smaller than threshold (5)
INFO: [Synth 8-5544] ROM "c_nan" won't be mapped to Block RAM because address size (2) smaller than threshold (5)
INFO: [Synth 8-5544] ROM "c_inf" won't be mapped to Block RAM because address size (2) smaller than threshold (5)
INFO: [Synth 8-5544] ROM "c_zero" won't be mapped to Block RAM because address size (2) smaller than threshold (5)
---------------------------------------------------------------------------------
Finished RTL Optimization Phase 2 : Time (s): cpu = 00:00:29 ; elapsed = 00:00:38 . Memory (MB): peak = 1572.125 ; gain = 1271.418
---------------------------------------------------------------------------------
INFO: [Synth 8-223] decloning instance 'U0/i_synth/DELAY_DIVIDE_BY_ZERO' (delay__parameterized26) to 'U0/i_synth/DELAY_ACCUM_OVERFLOW'
INFO: [Synth 8-223] decloning instance 'U0/i_synth/DELAY_DIVIDE_BY_ZERO' (delay__parameterized26) to 'U0/i_synth/DELAY_ACCUM_INPUT_OVERFLOW'

Report RTL Partitions: 
+-+--------------+------------+----------+
| |RTL Partition |Replication |Instances |
+-+--------------+------------+----------+
+-+--------------+------------+----------+
---------------------------------------------------------------------------------
Start RTL Component Statistics 
---------------------------------------------------------------------------------
---------------------------------------------------------------------------------
Finished RTL Component Statistics 
---------------------------------------------------------------------------------
---------------------------------------------------------------------------------
Start RTL Hierarchical Component Statistics 
---------------------------------------------------------------------------------
---------------------------------------------------------------------------------
Finished RTL Hierarchical Component Statistics
---------------------------------------------------------------------------------
---------------------------------------------------------------------------------
Start Part Resource Summary
---------------------------------------------------------------------------------
Part Resources:
DSPs: 1728 (col length:144)
BRAMs: 624 (col length: RAMB18 144 RAMB36 72)
---------------------------------------------------------------------------------
Finished Part Resource Summary
---------------------------------------------------------------------------------
---------------------------------------------------------------------------------
Start Cross Boundary and Area Optimization
---------------------------------------------------------------------------------
Warning: Parallel synthesis criteria is not met 
INFO: [Synth 8-5544] ROM "LZE/enc_chunk" won't be mapped to Block RAM because address size (4) smaller than threshold (5)
INFO: [Synth 8-5544] ROM "LZE/enc_chunk" won't be mapped to Block RAM because address size (4) smaller than threshold (5)
INFO: [Synth 8-5544] ROM "LZE/enc_chunk" won't be mapped to Block RAM because address size (4) smaller than threshold (5)
INFO: [Synth 8-5544] ROM "LZE/enc_chunk" won't be mapped to Block RAM because address size (4) smaller than threshold (5)
INFO: [Synth 8-5544] ROM "LZE/enc_chunk" won't be mapped to Block RAM because address size (4) smaller than threshold (5)
INFO: [Synth 8-5544] ROM "LZE/enc_chunk" won't be mapped to Block RAM because address size (4) smaller than threshold (5)
INFO: [Synth 8-5544] ROM "LZE/enc_chunk" won't be mapped to Block RAM because address size (4) smaller than threshold (5)
INFO: [Synth 8-5544] ROM "LZE/enc_chunk" won't be mapped to Block RAM because address size (4) smaller than threshold (5)
INFO: [Synth 8-5544] ROM "LZE/enc_chunk" won't be mapped to Block RAM because address size (4) smaller than threshold (5)
INFO: [Synth 8-5544] ROM "LZE/enc_chunk" won't be mapped to Block RAM because address size (4) smaller than threshold (5)
INFO: [Synth 8-5544] ROM "LZE/enc_chunk" won't be mapped to Block RAM because address size (4) smaller than threshold (5)
INFO: [Synth 8-5544] ROM "LZE/enc_chunk" won't be mapped to Block RAM because address size (4) smaller than threshold (5)
INFO: [Synth 8-5544] ROM "LZE/enc_chunk" won't be mapped to Block RAM because address size (4) smaller than threshold (5)
INFO: [Synth 8-5544] ROM "LZE/enc_chunk" won't be mapped to Block RAM because address size (4) smaller than threshold (5)
INFO: [Synth 8-5544] ROM "LZE/enc_chunk" won't be mapped to Block RAM because address size (4) smaller than threshold (5)
INFO: [Synth 8-5544] ROM "LZE/enc_chunk" won't be mapped to Block RAM because address size (4) smaller than threshold (5)
INFO: [Synth 8-5546] ROM "conv_exp.downsize_exp/COND_DET/exp_all_one_ip" won't be mapped to RAM because it is too sparse
INFO: [Synth 8-5546] ROM "conv_exp.downsize_exp/COND_DET/exp_all_zero_ip" won't be mapped to RAM because it is too sparse
INFO: [Synth 8-5546] ROM "lrg_almost_over" won't be mapped to RAM because it is too sparse
INFO: [Synth 8-5546] ROM "FMA_OP.OP/special_detect/detector_a/exp_all_one_ip" won't be mapped to RAM because it is too sparse
INFO: [Synth 8-5546] ROM "FMA_OP.OP/special_detect/detector_a/exp_all_zero_ip" won't be mapped to RAM because it is too sparse
INFO: [Synth 8-5546] ROM "FMA_OP.OP/special_detect/detector_b/exp_all_one_ip" won't be mapped to RAM because it is too sparse
INFO: [Synth 8-5546] ROM "FMA_OP.OP/special_detect/detector_b/exp_all_zero_ip" won't be mapped to RAM because it is too sparse
INFO: [Synth 8-5546] ROM "FMA_OP.OP/special_detect/detector_c/exp_all_one_ip" won't be mapped to RAM because it is too sparse
INFO: [Synth 8-5546] ROM "FMA_OP.OP/special_detect/detector_c/exp_all_zero_ip" won't be mapped to RAM because it is too sparse
INFO: [Synth 8-3886] merging instance 'U0/i_synth/FMA_OP.OP/addsub/add/ALIGN_BLK/SUBTRACT_PREADD_DEL/i_pipe/opt_has_pipe.first_q_reg[0]' (FDE) to 'U0/i_synth/FMA_OP.OP/addsub/add/ALIGN_BLK/SUB_DELAY/i_pipe/opt_has_pipe.first_q_reg[0]'
INFO: [Synth 8-3886] merging instance 'U0/i_synth/FMA_OP.OP/addsub/add/ALIGN_BLK/ZERO_SMALLEST_DEL/i_pipe/opt_has_pipe.first_q_reg[0]' (FDE) to 'U0/i_synth/FMA_OP.OP/addsub/add/ALIGN_BLK/aligner.zero_smallest_i_delay/i_pipe/opt_has_pipe.first_q_reg[0]'
INFO: [Synth 8-3333] propagating constant 0 across sequential element (U0/i_synth/\FMA_OP.OP/addsub/add/B_IP_DELAY/i_pipe/opt_has_pipe.first_q_reg[18] )
INFO: [Synth 8-3333] propagating constant 0 across sequential element (U0/i_synth/\FMA_OP.OP/addsub/add/B_IP_DELAY/i_pipe/opt_has_pipe.first_q_reg[19] )
INFO: [Synth 8-3333] propagating constant 0 across sequential element (U0/i_synth/\FMA_OP.OP/addsub/add/B_IP_DELAY/i_pipe/opt_has_pipe.first_q_reg[21] )
INFO: [Synth 8-3333] propagating constant 0 across sequential element (U0/i_synth/\FMA_OP.OP/addsub/add/B_IP_DELAY/i_pipe/opt_has_pipe.first_q_reg[20] )
INFO: [Synth 8-3333] propagating constant 0 across sequential element (U0/i_synth/\FMA_OP.OP/addsub/add/B_IP_DELAY/i_pipe/opt_has_pipe.first_q_reg[22] )
INFO: [Synth 8-3333] propagating constant 0 across sequential element (U0/i_synth/\FMA_OP.OP/addsub/add/B_IP_DELAY/i_pipe/opt_has_pipe.first_q_reg[23] )
INFO: [Synth 8-3333] propagating constant 0 across sequential element (U0/i_synth/\FMA_OP.OP/addsub/add/B_IP_DELAY/i_pipe/opt_has_pipe.first_q_reg[17] )
INFO: [Synth 8-3333] propagating constant 0 across sequential element (U0/i_synth/\FMA_OP.OP/addsub/add/B_IP_DELAY/i_pipe/opt_has_pipe.first_q_reg[16] )
INFO: [Synth 8-3333] propagating constant 0 across sequential element (U0/i_synth/\FMA_OP.OP/addsub/add/B_IP_DELAY/i_pipe/opt_has_pipe.first_q_reg[15] )
INFO: [Synth 8-3333] propagating constant 0 across sequential element (U0/i_synth/\FMA_OP.OP/addsub/add/B_IP_DELAY/i_pipe/opt_has_pipe.first_q_reg[14] )
INFO: [Synth 8-3333] propagating constant 0 across sequential element (U0/i_synth/\FMA_OP.OP/addsub/add/B_IP_DELAY/i_pipe/opt_has_pipe.first_q_reg[13] )
INFO: [Synth 8-3333] propagating constant 0 across sequential element (U0/i_synth/\FMA_OP.OP/addsub/add/B_IP_DELAY/i_pipe/opt_has_pipe.first_q_reg[12] )
INFO: [Synth 8-3333] propagating constant 0 across sequential element (U0/i_synth/\FMA_OP.OP/addsub/add/B_IP_DELAY/i_pipe/opt_has_pipe.first_q_reg[11] )
INFO: [Synth 8-3333] propagating constant 0 across sequential element (U0/i_synth/\FMA_OP.OP/addsub/add/B_IP_DELAY/i_pipe/opt_has_pipe.first_q_reg[2] )
INFO: [Synth 8-3333] propagating constant 0 across sequential element (U0/i_synth/\FMA_OP.OP/addsub/add/B_IP_DELAY/i_pipe/opt_has_pipe.first_q_reg[3] )
INFO: [Synth 8-3333] propagating constant 0 across sequential element (U0/i_synth/\FMA_OP.OP/addsub/add/B_IP_DELAY/i_pipe/opt_has_pipe.first_q_reg[5] )
INFO: [Synth 8-3333] propagating constant 0 across sequential element (U0/i_synth/\FMA_OP.OP/addsub/add/B_IP_DELAY/i_pipe/opt_has_pipe.first_q_reg[4] )
INFO: [Synth 8-3333] propagating constant 0 across sequential element (U0/i_synth/\FMA_OP.OP/addsub/add/B_IP_DELAY/i_pipe/opt_has_pipe.first_q_reg[10] )
INFO: [Synth 8-3333] propagating constant 0 across sequential element (U0/i_synth/\FMA_OP.OP/addsub/add/B_IP_DELAY/i_pipe/opt_has_pipe.first_q_reg[6] )
INFO: [Synth 8-3333] propagating constant 0 across sequential element (U0/i_synth/\FMA_OP.OP/addsub/add/B_IP_DELAY/i_pipe/opt_has_pipe.first_q_reg[7] )
INFO: [Synth 8-3333] propagating constant 0 across sequential element (U0/i_synth/\FMA_OP.OP/addsub/add/B_IP_DELAY/i_pipe/opt_has_pipe.first_q_reg[9] )
INFO: [Synth 8-3333] propagating constant 0 across sequential element (U0/i_synth/\FMA_OP.OP/addsub/add/B_IP_DELAY/i_pipe/opt_has_pipe.first_q_reg[8] )
INFO: [Synth 8-3333] propagating constant 0 across sequential element (U0/i_synth/\FMA_OP.OP/addsub/add/B_IP_DELAY/i_pipe/opt_has_pipe.first_q_reg[1] )
INFO: [Synth 8-3333] propagating constant 0 across sequential element (U0/i_synth/\FMA_OP.OP/addsub/add/B_IP_DELAY/i_pipe/opt_has_pipe.first_q_reg[0] )
INFO: [Synth 8-3333] propagating constant 0 across sequential element (U0/i_synth/\FMA_OP.OP/addsub/add/ALIGN_BLK/FRAC_ADDSUB/DSP_ADD.one_dsp.FRAC_ADDSUB/EXT_LRG_DSP_ADD2_DELAY/i_pipe/opt_has_pipe.first_q_reg[0] )
INFO: [Synth 8-3333] propagating constant 0 across sequential element (U0/i_synth/\FMA_OP.OP/addsub/add/ALIGN_BLK/FRAC_ADDSUB/DSP_ADD.one_dsp.FRAC_ADDSUB/EXT_LRG_DSP_ADD2_DELAY/i_pipe/opt_has_pipe.first_q_reg[1] )
INFO: [Synth 8-3333] propagating constant 0 across sequential element (U0/i_synth/\FMA_OP.OP/addsub/add/ALIGN_BLK/FRAC_ADDSUB/DSP_ADD.one_dsp.FRAC_ADDSUB/EXT_LRG_DSP_ADD2_DELAY/i_pipe/opt_has_pipe.first_q_reg[47] )
INFO: [Synth 8-3886] merging instance 'U0/i_synth/FMA_OP.OP/addsub/add/ALIGN_BLK/aligner.ALIGN_SHIFT/ALIGN_SHIFT/MUX_LOOP[1].SKEW_DIST_DEL.DEL_DIST/i_pipe/opt_has_pipe.first_q_reg[1]' (FDE) to 'U0/i_synth/FMA_OP.OP/addsub/add/ALIGN_BLK/aligner.ALIGN_SHIFT/ALIGN_Z_D/MUX_LOOP[1].SKEW_DIST_DEL.DEL_DIST/i_pipe/opt_has_pipe.first_q_reg[1]'
INFO: [Synth 8-3886] merging instance 'U0/i_synth/FMA_OP.OP/addsub/add/ALIGN_BLK/aligner.ALIGN_SHIFT/ALIGN_SHIFT/MUX_LOOP[1].SKEW_DIST_DEL.DEL_DIST/i_pipe/opt_has_pipe.first_q_reg[0]' (FDE) to 'U0/i_synth/FMA_OP.OP/addsub/add/ALIGN_BLK/aligner.ALIGN_SHIFT/ALIGN_Z_D/MUX_LOOP[1].SKEW_DIST_DEL.DEL_DIST/i_pipe/opt_has_pipe.first_q_reg[0]'
INFO: [Synth 8-3333] propagating constant 0 across sequential element (U0/i_synth/\FMA_OP.OP/addsub/add/NORM/ROUND/NORMALIZE_RND1_DEL/i_pipe/opt_has_pipe.first_q_reg[0] )
INFO: [Synth 8-3333] propagating constant 0 across sequential element (U0/i_synth/\FMA_OP.OP/addsub/add/NORM/ROUND/EXP_INC_RND1_DELAY/i_pipe/opt_has_pipe.first_q_reg[0] )
INFO: [Synth 8-3333] propagating constant 0 across sequential element (U0/i_synth/\FMA_OP.OP/addsub/add/ALIGN_BLK/FRAC_ADDSUB/DSP_ADD.one_dsp.FRAC_ADDSUB/EXT_LRG_DSP_ADD2_DELAY/i_pipe/opt_has_pipe.i_pipe[2].pipe_reg[2][0] )
INFO: [Synth 8-3333] propagating constant 0 across sequential element (U0/i_synth/\FMA_OP.OP/addsub/add/ALIGN_BLK/FRAC_ADDSUB/DSP_ADD.one_dsp.FRAC_ADDSUB/EXT_LRG_DSP_ADD2_DELAY/i_pipe/opt_has_pipe.i_pipe[2].pipe_reg[2][1] )
INFO: [Synth 8-3333] propagating constant 0 across sequential element (U0/i_synth/\FMA_OP.OP/addsub/add/ALIGN_BLK/FRAC_ADDSUB/DSP_ADD.one_dsp.FRAC_ADDSUB/EXT_LRG_DSP_ADD2_DELAY/i_pipe/opt_has_pipe.i_pipe[2].pipe_reg[2][47] )
INFO: [Synth 8-3332] Sequential element (FMA_OP.OP/addsub/add/EXP/bma_exp_cc/CARRYS_Q_DEL.FAST_DEL.CARRY_FD) is unused and will be removed from module floating_point_v7_1_7_viv.
---------------------------------------------------------------------------------
Finished Cross Boundary and Area Optimization : Time (s): cpu = 00:00:34 ; elapsed = 00:00:42 . Memory (MB): peak = 1572.125 ; gain = 1271.418
---------------------------------------------------------------------------------

Report RTL Partitions: 
+-+--------------+------------+----------+
| |RTL Partition |Replication |Instances |
+-+--------------+------------+----------+
+-+--------------+------------+----------+
---------------------------------------------------------------------------------
Start Applying XDC Timing Constraints
---------------------------------------------------------------------------------
---------------------------------------------------------------------------------
Finished Applying XDC Timing Constraints : Time (s): cpu = 00:00:47 ; elapsed = 00:00:59 . Memory (MB): peak = 2003.219 ; gain = 1702.512
---------------------------------------------------------------------------------
---------------------------------------------------------------------------------
Start Timing Optimization
---------------------------------------------------------------------------------
---------------------------------------------------------------------------------
Finished Timing Optimization : Time (s): cpu = 00:00:48 ; elapsed = 00:01:00 . Memory (MB): peak = 2025.000 ; gain = 1724.293
---------------------------------------------------------------------------------

Report RTL Partitions: 
+-+--------------+------------+----------+
| |RTL Partition |Replication |Instances |
+-+--------------+------------+----------+
+-+--------------+------------+----------+
---------------------------------------------------------------------------------
Start Technology Mapping
---------------------------------------------------------------------------------
---------------------------------------------------------------------------------
Finished Technology Mapping : Time (s): cpu = 00:00:50 ; elapsed = 00:01:02 . Memory (MB): peak = 2036.613 ; gain = 1735.906
---------------------------------------------------------------------------------

Report RTL Partitions: 
+-+--------------+------------+----------+
| |RTL Partition |Replication |Instances |
+-+--------------+------------+----------+
+-+--------------+------------+----------+
---------------------------------------------------------------------------------
Start IO Insertion
---------------------------------------------------------------------------------
---------------------------------------------------------------------------------
Start Flattening Before IO Insertion
---------------------------------------------------------------------------------
---------------------------------------------------------------------------------
Finished Flattening Before IO Insertion
---------------------------------------------------------------------------------
---------------------------------------------------------------------------------
Start Final Netlist Cleanup
---------------------------------------------------------------------------------
---------------------------------------------------------------------------------
Finished Final Netlist Cleanup
---------------------------------------------------------------------------------
---------------------------------------------------------------------------------
Finished IO Insertion : Time (s): cpu = 00:00:52 ; elapsed = 00:01:04 . Memory (MB): peak = 2036.613 ; gain = 1735.906
---------------------------------------------------------------------------------

Report Check Netlist: 
+------+------------------+-------+---------+-------+------------------+
|      |Item              |Errors |Warnings |Status |Description       |
+------+------------------+-------+---------+-------+------------------+
|1     |multi_driven_nets |      0|        0|Passed |Multi driven nets |
+------+------------------+-------+---------+-------+------------------+
---------------------------------------------------------------------------------
Start Renaming Generated Instances
---------------------------------------------------------------------------------
---------------------------------------------------------------------------------
Finished Renaming Generated Instances : Time (s): cpu = 00:00:52 ; elapsed = 00:01:04 . Memory (MB): peak = 2036.613 ; gain = 1735.906
---------------------------------------------------------------------------------

Report RTL Partitions: 
+-+--------------+------------+----------+
| |RTL Partition |Replication |Instances |
+-+--------------+------------+----------+
+-+--------------+------------+----------+
---------------------------------------------------------------------------------
Start Rebuilding User Hierarchy
---------------------------------------------------------------------------------
---------------------------------------------------------------------------------
Finished Rebuilding User Hierarchy : Time (s): cpu = 00:00:52 ; elapsed = 00:01:04 . Memory (MB): peak = 2036.613 ; gain = 1735.906
---------------------------------------------------------------------------------
---------------------------------------------------------------------------------
Start Renaming Generated Ports
---------------------------------------------------------------------------------
---------------------------------------------------------------------------------
Finished Renaming Generated Ports : Time (s): cpu = 00:00:52 ; elapsed = 00:01:04 . Memory (MB): peak = 2036.613 ; gain = 1735.906
---------------------------------------------------------------------------------
---------------------------------------------------------------------------------
Start Handling Custom Attributes
---------------------------------------------------------------------------------
---------------------------------------------------------------------------------
Finished Handling Custom Attributes : Time (s): cpu = 00:00:52 ; elapsed = 00:01:04 . Memory (MB): peak = 2036.613 ; gain = 1735.906
---------------------------------------------------------------------------------
---------------------------------------------------------------------------------
Start Renaming Generated Nets
---------------------------------------------------------------------------------
---------------------------------------------------------------------------------
Finished Renaming Generated Nets : Time (s): cpu = 00:00:52 ; elapsed = 00:01:04 . Memory (MB): peak = 2036.613 ; gain = 1735.906
---------------------------------------------------------------------------------
---------------------------------------------------------------------------------
Start Writing Synthesis Report
---------------------------------------------------------------------------------

Report BlackBoxes: 
+-+--------------+----------+
| |BlackBox name |Instances |
+-+--------------+----------+
+-+--------------+----------+

Report Cell Usage: 
+------+----------------+------+
|      |Cell            |Count |
+------+----------------+------+
|1     |CARRY8          |     4|
|2     |DSP48E1         |     2|
|3     |DSP_ALU         |     1|
|4     |DSP_ALU_1       |     1|
|5     |DSP_A_B_DATA    |     1|
|6     |DSP_A_B_DATA_1  |     1|
|7     |DSP_C_DATA      |     2|
|8     |DSP_MULTIPLIER  |     2|
|9     |DSP_M_DATA      |     2|
|10    |DSP_OUTPUT      |     2|
|11    |DSP_PREADD      |     2|
|12    |DSP_PREADD_DATA |     2|
|13    |LUT1            |     9|
|14    |LUT2            |    77|
|15    |LUT3            |   251|
|16    |LUT4            |   195|
|17    |LUT5            |   123|
|18    |LUT6            |   276|
|19    |MUXCY           |   148|
|20    |MUXF7           |     9|
|21    |MUXF8           |     1|
|22    |SRL16E          |    53|
|23    |XORCY           |    29|
|24    |FDE             |    21|
|25    |FDRE            |  1084|
+------+----------------+------+
---------------------------------------------------------------------------------
Finished Writing Synthesis Report : Time (s): cpu = 00:00:52 ; elapsed = 00:01:04 . Memory (MB): peak = 2036.613 ; gain = 1735.906
---------------------------------------------------------------------------------
Synthesis finished with 0 errors, 0 critical warnings and 75 warnings.
Synthesis Optimization Runtime : Time (s): cpu = 00:00:28 ; elapsed = 00:00:49 . Memory (MB): peak = 2036.613 ; gain = 702.305
Synthesis Optimization Complete : Time (s): cpu = 00:00:53 ; elapsed = 00:01:05 . Memory (MB): peak = 2036.613 ; gain = 1735.906
INFO: [Project 1-571] Translating synthesized netlist
INFO: [Netlist 29-17] Analyzing 216 Unisim elements for replacement
INFO: [Netlist 29-28] Unisim Transformation completed in 1 CPU seconds
INFO: [Project 1-570] Preparing netlist for logic optimization
INFO: [Opt 31-138] Pushed 0 inverter(s) to 0 load pin(s).
Netlist sorting complete. Time (s): cpu = 00:00:00 ; elapsed = 00:00:00.003 . Memory (MB): peak = 2054.859 ; gain = 0.000
INFO: [Project 1-111] Unisim Transformation Summary:
  A total of 51 instances were transformed.
  (CARRY4) => CARRY8: 26 instances
  DSP48E1 => DSP48E2 (DSP_ALU, DSP_A_B_DATA, DSP_C_DATA, DSP_MULTIPLIER, DSP_M_DATA, DSP_OUTPUT, DSP_PREADD_DATA, DSP_PREADD): 2 instances
  DSP48E2 => DSP48E2 (DSP_ALU, DSP_A_B_DATA, DSP_C_DATA, DSP_MULTIPLIER, DSP_M_DATA, DSP_OUTPUT, DSP_PREADD_DATA, DSP_PREADD): 2 instances
  FDE => FDRE: 21 instances

INFO: [Common 17-83] Releasing license: Synthesis
112 Infos, 103 Warnings, 0 Critical Warnings and 0 Errors encountered.
synth_design completed successfully
synth_design: Time (s): cpu = 00:00:57 ; elapsed = 00:01:10 . Memory (MB): peak = 2054.859 ; gain = 1754.152
Netlist sorting complete. Time (s): cpu = 00:00:00 ; elapsed = 00:00:00.003 . Memory (MB): peak = 2054.859 ; gain = 0.000
WARNING: [Constraints 18-5210] No constraints selected for write.
Resolution: This message can indicate that there are no constraints for the design, or it can indicate that the used_in flags are set such that the constraints are ignored. This later case is used when running synth_design to not write synthesis constraints to the resulting checkpoint. Instead, project constraints are read when the synthesized design is opened.
INFO: [Common 17-1381] The checkpoint 'C:/Users/anuragchoudhury/Desktop/local_documents/Vivado/LUD_v3_3_ip_project/Hardware/vivadoProjects/project_LUDH/project_LUDH.runs/design_MAC_floating_point_0_0_synth_1/design_MAC_floating_point_0_0.dcp' has been generated.
INFO: [Coretcl 2-1648] Added synthesis output to IP cache for IP design_MAC_floating_point_0_0, cache-ID = 467820feb841eb6f
INFO: [Coretcl 2-1174] Renamed 248 cell refs.
Netlist sorting complete. Time (s): cpu = 00:00:00 ; elapsed = 00:00:00.006 . Memory (MB): peak = 2054.859 ; gain = 0.000
WARNING: [Constraints 18-5210] No constraints selected for write.
Resolution: This message can indicate that there are no constraints for the design, or it can indicate that the used_in flags are set such that the constraints are ignored. This later case is used when running synth_design to not write synthesis constraints to the resulting checkpoint. Instead, project constraints are read when the synthesized design is opened.
INFO: [Common 17-1381] The checkpoint 'C:/Users/anuragchoudhury/Desktop/local_documents/Vivado/LUD_v3_3_ip_project/Hardware/vivadoProjects/project_LUDH/project_LUDH.runs/design_MAC_floating_point_0_0_synth_1/design_MAC_floating_point_0_0.dcp' has been generated.
INFO: [runtcl-4] Executing : report_utilization -file design_MAC_floating_point_0_0_utilization_synth.rpt -pb design_MAC_floating_point_0_0_utilization_synth.pb
INFO: [Common 17-206] Exiting Vivado at Sat May  2 11:50:26 2020...
