Vivado Simulator 2018.3
Time resolution is 1 ps
Block Memory Generator module simTester_verilog.uut1.tester.ctrlStorage.design_CTRL_i.blk_mem_gen_0.inst.native_mem_module.blk_mem_gen_v8_4_2_inst is using a behavioral model for simulation which will not precisely model memory collision behavior.
Block Memory Generator module simTester_verilog.uut1.LUDH.block_A.design_BRAM_A_i.blk_mem_gen_0.inst.native_mem_module.blk_mem_gen_v8_4_2_inst is using a behavioral model for simulation which will not precisely model memory collision behavior.
Block Memory Generator module simTester_verilog.uut1.LUDH.block_B.design_BRAM_A_i.blk_mem_gen_0.inst.native_mem_module.blk_mem_gen_v8_4_2_inst is using a behavioral model for simulation which will not precisely model memory collision behavior.
Block Memory Generator module simTester_verilog.uut1.LUDH.block_C.design_BRAM_A_i.blk_mem_gen_0.inst.native_mem_module.blk_mem_gen_v8_4_2_inst is using a behavioral model for simulation which will not precisely model memory collision behavior.
Block Memory Generator module simTester_verilog.uut1.LUDH.block_D.design_BRAM_A_i.blk_mem_gen_0.inst.native_mem_module.blk_mem_gen_v8_4_2_inst is using a behavioral model for simulation which will not precisely model memory collision behavior.
Block Memory Generator module simTester_verilog.uut1.LUDH.block_E.design_BRAM_A_i.blk_mem_gen_0.inst.native_mem_module.blk_mem_gen_v8_4_2_inst is using a behavioral model for simulation which will not precisely model memory collision behavior.
Block Memory Generator module simTester_verilog.uut1.LUDH.block_F.design_BRAM_A_i.blk_mem_gen_0.inst.native_mem_module.blk_mem_gen_v8_4_2_inst is using a behavioral model for simulation which will not precisely model memory collision behavior.
Block Memory Generator module simTester_verilog.uut1.LUDH.block_G.design_BRAM_A_i.blk_mem_gen_0.inst.native_mem_module.blk_mem_gen_v8_4_2_inst is using a behavioral model for simulation which will not precisely model memory collision behavior.
Block Memory Generator module simTester_verilog.uut1.LUDH.block_H.design_BRAM_A_i.blk_mem_gen_0.inst.native_mem_module.blk_mem_gen_v8_4_2_inst is using a behavioral model for simulation which will not precisely model memory collision behavior.
Warning: DRC warning : CARRYCASCIN can only be used in the current DSP48E1 instance if the previous DSP48E1  is performing a two input ADD or SUBTRACT operation, or the current DSP48E1 is configured in the MAC extend opmode(6:0) equals 1001000. 
Time: 286440 ns  Iteration: 4  Process: /simTester_verilog/uut1/LUDH/MAC_B/design_MAC_i/floating_point_0/U0/i_synth/fma_op/OP/addsub/add/ALIGN_BLK/FRAC_ADDSUB/dsp_add/two_dsp/FRAC_ADDSUB/dsp48e1_add/DSP48E1_ADD_HIGH/DSP/prcs_carryinsel_drc  File: C:\Xilinx\Vivado\2018.3\data/vhdl/src/unisims/primitive/DSP48E1.vhd
Warning: DRC warning : CARRYCASCIN can only be used in the current DSP48E1 instance if the previous DSP48E1  is performing a two input ADD or SUBTRACT operation, or the current DSP48E1 is configured in the MAC extend opmode(6:0) equals 1001000. 
Time: 286560 ns  Iteration: 4  Process: /simTester_verilog/uut1/LUDH/MAC_A/design_MAC_i/floating_point_0/U0/i_synth/fma_op/OP/addsub/add/ALIGN_BLK/FRAC_ADDSUB/dsp_add/two_dsp/FRAC_ADDSUB/dsp48e1_add/DSP48E1_ADD_HIGH/DSP/prcs_carryinsel_drc  File: C:\Xilinx\Vivado\2018.3\data/vhdl/src/unisims/primitive/DSP48E1.vhd
Warning: DRC warning : CARRYCASCIN can only be used in the current DSP48E1 instance if the previous DSP48E1  is performing a two input ADD or SUBTRACT operation, or the current DSP48E1 is configured in the MAC extend opmode(6:0) equals 1001000. 
Time: 286680 ns  Iteration: 4  Process: /simTester_verilog/uut1/LUDH/MAC_C/design_MAC_i/floating_point_0/U0/i_synth/fma_op/OP/addsub/add/ALIGN_BLK/FRAC_ADDSUB/dsp_add/two_dsp/FRAC_ADDSUB/dsp48e1_add/DSP48E1_ADD_HIGH/DSP/prcs_carryinsel_drc  File: C:\Xilinx\Vivado\2018.3\data/vhdl/src/unisims/primitive/DSP48E1.vhd
blk_mem_gen_v8_4_2 collision detected at time: 286880000, Instance: simTester_verilog.uut1.LUDH.block_G.design_BRAM_A_i.blk_mem_gen_0.inst.native_mem_module.blk_mem_gen_v8_4_2_inst, A write address: 0, B  read address: 0
Warning: DRC warning : CARRYCASCIN can only be used in the current DSP48E1 instance if the previous DSP48E1  is performing a two input ADD or SUBTRACT operation, or the current DSP48E1 is configured in the MAC extend opmode(6:0) equals 1001000. 
Time: 287160 ns  Iteration: 4  Process: /simTester_verilog/uut1/LUDH/MAC_D/design_MAC_i/floating_point_0/U0/i_synth/fma_op/OP/addsub/add/ALIGN_BLK/FRAC_ADDSUB/dsp_add/two_dsp/FRAC_ADDSUB/dsp48e1_add/DSP48E1_ADD_HIGH/DSP/prcs_carryinsel_drc  File: C:\Xilinx\Vivado\2018.3\data/vhdl/src/unisims/primitive/DSP48E1.vhd
