INFO: [VRFC 10-163] Analyzing VHDL file "C:/Users/anuragchoudhury/Desktop/local_documents/Vivado/New_scheduler_implementation/LUD_v3_4_ip_project/Hardware/vivadoProjects/project_LUDH/project_LUDH.ip_user_files/bd/design_DIV/ip/design_DIV_floating_point_0_0/sim/design_DIV_floating_point_0_0.vhd" into library xil_defaultlib
INFO: [VRFC 10-3107] analyzing entity 'design_DIV_floating_point_0_0'
INFO: [VRFC 10-163] Analyzing VHDL file "C:/Users/anuragchoudhury/Desktop/local_documents/Vivado/New_scheduler_implementation/LUD_v3_4_ip_project/Hardware/vivadoProjects/project_LUDH/project_LUDH.ip_user_files/bd/design_MAC/ip/design_MAC_floating_point_0_0/sim/design_MAC_floating_point_0_0.vhd" into library xil_defaultlib
INFO: [VRFC 10-3107] analyzing entity 'design_MAC_floating_point_0_0'
INFO: [VRFC 10-163] Analyzing VHDL file "C:/Users/anuragchoudhury/Desktop/local_documents/Vivado/New_scheduler_implementation/LUD_v3_4_ip_project/Hardware/vivadoProjects/project_LUDH/project_LUDH.srcs/sources_1/imports/Hardware/autoHdlFiles/types.vhd" into library xil_defaultlib
INFO: [VRFC 10-163] Analyzing VHDL file "C:/Users/anuragchoudhury/Desktop/local_documents/Vivado/New_scheduler_implementation/LUD_v3_4_ip_project/Hardware/vivadoProjects/project_LUDH/project_LUDH.srcs/sources_1/imports/Hardware/hdlFiles/regs.vhd" into library xil_defaultlib
INFO: [VRFC 10-3107] analyzing entity 'myReg'
INFO: [VRFC 10-3107] analyzing entity 'myRegS'
INFO: [VRFC 10-3107] analyzing entity 'myReg_single_bit'
INFO: [VRFC 10-3107] analyzing entity 'myLatch'
INFO: [VRFC 10-163] Analyzing VHDL file "C:/Users/anuragchoudhury/Desktop/local_documents/Vivado/New_scheduler_implementation/LUD_v3_4_ip_project/Hardware/vivadoProjects/project_LUDH/project_LUDH.srcs/sources_1/imports/Hardware/hdlFiles/quadBRAM.vhd" into library xil_defaultlib
INFO: [VRFC 10-3107] analyzing entity 'quadPortBRAM'
INFO: [VRFC 10-163] Analyzing VHDL file "C:/Users/anuragchoudhury/Desktop/local_documents/Vivado/New_scheduler_implementation/LUD_v3_4_ip_project/Hardware/vivadoProjects/project_LUDH/project_LUDH.srcs/sources_1/new/bram_ZYNQ_mux.vhd" into library xil_defaultlib
INFO: [VRFC 10-3107] analyzing entity 'bram_ZYNQ_mux'
INFO: [VRFC 10-163] Analyzing VHDL file "C:/Users/anuragchoudhury/Desktop/local_documents/Vivado/New_scheduler_implementation/LUD_v3_4_ip_project/Hardware/vivadoProjects/project_LUDH/project_LUDH.srcs/sources_1/new/bram_ZYNQ_decoder.vhd" into library xil_defaultlib
INFO: [VRFC 10-3107] analyzing entity 'bram_ZYNQ_decoder'
INFO: [VRFC 10-163] Analyzing VHDL file "C:/Users/anuragchoudhury/Desktop/local_documents/Vivado/New_scheduler_implementation/LUD_v3_4_ip_project/Hardware/vivadoProjects/project_LUDH/project_LUDH.srcs/sources_1/imports/Hardware/autoHdlFiles/MUX_AU_IN.vhd" into library xil_defaultlib
INFO: [VRFC 10-3107] analyzing entity 'MUX_AU_IN'
INFO: [VRFC 10-163] Analyzing VHDL file "C:/Users/anuragchoudhury/Desktop/local_documents/Vivado/New_scheduler_implementation/LUD_v3_4_ip_project/Hardware/vivadoProjects/project_LUDH/project_LUDH.srcs/sources_1/imports/Hardware/autoHdlFiles/MUX_BRAM_IN.vhd" into library xil_defaultlib
INFO: [VRFC 10-3107] analyzing entity 'MUX_BRAM_IN'
INFO: [VRFC 10-163] Analyzing VHDL file "C:/Users/anuragchoudhury/Desktop/local_documents/Vivado/New_scheduler_implementation/LUD_v3_4_ip_project/Hardware/vivadoProjects/project_LUDH/project_LUDH.srcs/sources_1/imports/Hardware/autoHdlFiles/LUDHardware.vhd" into library xil_defaultlib
INFO: [VRFC 10-3107] analyzing entity 'LUDHardware'
INFO: [VRFC 10-163] Analyzing VHDL file "C:/Users/anuragchoudhury/Desktop/local_documents/Vivado/New_scheduler_implementation/LUD_v3_4_ip_project/Hardware/vivadoProjects/project_LUDH/project_LUDH.srcs/sources_1/imports/Hardware/hdlFiles/hardwareTester.vhd" into library xil_defaultlib
INFO: [VRFC 10-3107] analyzing entity 'LUDH_Tester'
INFO: [VRFC 10-163] Analyzing VHDL file "C:/Users/anuragchoudhury/Desktop/local_documents/Vivado/New_scheduler_implementation/LUD_v3_4_ip_project/Hardware/vivadoProjects/project_LUDH/project_LUDH.srcs/sources_1/imports/Hardware/hdlFiles/hardwareTesterWrapper.vhd" into library xil_defaultlib
INFO: [VRFC 10-3107] analyzing entity 'LUDH_TEST_WRAPPER'
INFO: [VRFC 10-163] Analyzing VHDL file "C:/Users/anuragchoudhury/Desktop/local_documents/Vivado/New_scheduler_implementation/LUD_v3_4_ip_project/Hardware/vivadoProjects/project_LUDH/project_LUDH.srcs/sources_1/new/myip_LUdecomposition_v2_v1_0_S00_AXI.vhd" into library xil_defaultlib
INFO: [VRFC 10-3107] analyzing entity 'myip_LUdecomposition_v2_v1_0_S00_AXI'
INFO: [VRFC 10-163] Analyzing VHDL file "C:/Users/anuragchoudhury/Desktop/local_documents/Vivado/New_scheduler_implementation/LUD_v3_4_ip_project/Hardware/vivadoProjects/project_LUDH/project_LUDH.srcs/sources_1/new/myip_LUdecomposition_v2_v1_0.vhd" into library xil_defaultlib
INFO: [VRFC 10-3107] analyzing entity 'myip_LUdecomposition_v2_v1_0'
INFO: [VRFC 10-163] Analyzing VHDL file "C:/Users/anuragchoudhury/Desktop/local_documents/Vivado/New_scheduler_implementation/LUD_v3_4_ip_project/Hardware/vivadoProjects/project_LUDH/project_LUDH.ip_user_files/bd/design_CTRL/sim/design_CTRL.vhd" into library xil_defaultlib
INFO: [VRFC 10-3107] analyzing entity 'design_CTRL'
INFO: [VRFC 10-163] Analyzing VHDL file "C:/Users/anuragchoudhury/Desktop/local_documents/Vivado/New_scheduler_implementation/LUD_v3_4_ip_project/Hardware/vivadoProjects/project_LUDH/project_LUDH.srcs/sources_1/imports/hdl/design_CTRL_wrapper.vhd" into library xil_defaultlib
INFO: [VRFC 10-3107] analyzing entity 'design_CTRL_wrapper'
INFO: [VRFC 10-163] Analyzing VHDL file "C:/Users/anuragchoudhury/Desktop/local_documents/Vivado/New_scheduler_implementation/LUD_v3_4_ip_project/Hardware/vivadoProjects/project_LUDH/project_LUDH.ip_user_files/bd/design_BRAM_A/sim/design_BRAM_A.vhd" into library xil_defaultlib
INFO: [VRFC 10-3107] analyzing entity 'design_BRAM_A'
INFO: [VRFC 10-163] Analyzing VHDL file "C:/Users/anuragchoudhury/Desktop/local_documents/Vivado/New_scheduler_implementation/LUD_v3_4_ip_project/Hardware/vivadoProjects/project_LUDH/project_LUDH.ip_user_files/bd/design_DIV/sim/design_DIV.vhd" into library xil_defaultlib
INFO: [VRFC 10-3107] analyzing entity 'design_DIV'
INFO: [VRFC 10-163] Analyzing VHDL file "C:/Users/anuragchoudhury/Desktop/local_documents/Vivado/New_scheduler_implementation/LUD_v3_4_ip_project/Hardware/vivadoProjects/project_LUDH/project_LUDH.ip_user_files/bd/design_MAC/sim/design_MAC.vhd" into library xil_defaultlib
INFO: [VRFC 10-3107] analyzing entity 'design_MAC'
INFO: [VRFC 10-163] Analyzing VHDL file "C:/Users/anuragchoudhury/Desktop/local_documents/Vivado/New_scheduler_implementation/LUD_v3_4_ip_project/Hardware/vivadoProjects/project_LUDH/project_LUDH.srcs/sources_1/imports/hdl/design_DIV_wrapper.vhd" into library xil_defaultlib
INFO: [VRFC 10-3107] analyzing entity 'design_DIV_wrapper'
INFO: [VRFC 10-163] Analyzing VHDL file "C:/Users/anuragchoudhury/Desktop/local_documents/Vivado/New_scheduler_implementation/LUD_v3_4_ip_project/Hardware/vivadoProjects/project_LUDH/project_LUDH.srcs/sources_1/imports/hdl/design_MAC_wrapper.vhd" into library xil_defaultlib
INFO: [VRFC 10-3107] analyzing entity 'design_MAC_wrapper'
INFO: [VRFC 10-163] Analyzing VHDL file "C:/Users/anuragchoudhury/Desktop/local_documents/Vivado/New_scheduler_implementation/LUD_v3_4_ip_project/Hardware/vivadoProjects/project_LUDH/project_LUDH.srcs/sources_1/imports/hdl/design_BRAM_A_wrapper.vhd" into library xil_defaultlib
INFO: [VRFC 10-3107] analyzing entity 'design_BRAM_A_wrapper'
