#-----------------------------------------------------------
# Vivado v2018.3 (64-bit)
# SW Build 2405991 on Thu Dec  6 23:38:27 MST 2018
# IP Build 2404404 on Fri Dec  7 01:43:56 MST 2018
# Start of session at: Tue Jun 30 20:58:30 2020
# Process ID: 7952
# Current directory: C:/Users/anuragchoudhury/Desktop/local_documents/Vivado/New_scheduler_implementation/LUD_v3_1_ip_project/Hardware/vivadoProjects/project_LUDH
# Command line: vivado.exe -gui_launcher_event rodinguilauncherevent1836 C:\Users\anuragchoudhury\Desktop\local_documents\Vivado\New_scheduler_implementation\LUD_v3_1_ip_project\Hardware\vivadoProjects\project_LUDH\project_LUDH.xpr
# Log file: C:/Users/anuragchoudhury/Desktop/local_documents/Vivado/New_scheduler_implementation/LUD_v3_1_ip_project/Hardware/vivadoProjects/project_LUDH/vivado.log
# Journal file: C:/Users/anuragchoudhury/Desktop/local_documents/Vivado/New_scheduler_implementation/LUD_v3_1_ip_project/Hardware/vivadoProjects/project_LUDH\vivado.jou
#-----------------------------------------------------------
start_gui
open_project C:/Users/anuragchoudhury/Desktop/local_documents/Vivado/New_scheduler_implementation/LUD_v3_1_ip_project/Hardware/vivadoProjects/project_LUDH/project_LUDH.xpr
INFO: [ProjectBase 1-489] The host OS only allows 260 characters in a normal path. The project is stored in a path with more than 80 characters. If you experience issues with IP, Block Designs, or files not being found, please consider moving the project to a location with a shorter path. Alternately consider using the OS subst command to map part of the path to a drive letter.
Current project path is 'C:/Users/anuragchoudhury/Desktop/local_documents/Vivado/New_scheduler_implementation/LUD_v3_1_ip_project/Hardware/vivadoProjects/project_LUDH'
Scanning sources...
Finished scanning sources
WARNING: [filemgmt 56-3] IP Repository Path: Could not find the directory 'C:/Users/anuragchoudhury/Desktop/local_documents/Vivado/New_scheduler_implementation/LUD_v3_1_ip_project/Hardware/lud_ip_v2'.
INFO: [IP_Flow 19-234] Refreshing IP repositories
INFO: [IP_Flow 19-1700] Loaded user IP repository 'c:/Users/anuragchoudhury/Desktop/local_documents/Vivado/New_scheduler_implementation/LUD_v3_1_ip_project/Hardware/LUD_v3_1_ip'.
WARNING: [IP_Flow 19-2248] Failed to load user IP repository 'c:/Users/anuragchoudhury/Desktop/local_documents/Vivado/New_scheduler_implementation/LUD_v3_1_ip_project/Hardware/lud_ip_v2'; Can't find the specified path.
If this directory should no longer be in your list of user repositories, go to the IP Settings dialog and remove it.
INFO: [IP_Flow 19-2313] Loaded Vivado IP repository 'C:/Xilinx/Vivado/2018.3/data/ip'.
WARNING: [IP_Flow 19-3664] IP 'design_DIV_floating_point_0_0' generated file not found 'c:/Users/anuragchoudhury/Desktop/local_documents/Vivado/New_scheduler_implementation/LUD_v3_1_ip_project/Hardware/vivadoProjects/project_LUDH/project_LUDH.srcs/sources_1/bd/design_DIV/ip/design_DIV_floating_point_0_0/design_DIV_floating_point_0_0_sim_netlist.v'. Please regenerate to continue.
WARNING: [IP_Flow 19-3664] IP 'design_DIV_floating_point_0_0' generated file not found 'c:/Users/anuragchoudhury/Desktop/local_documents/Vivado/New_scheduler_implementation/LUD_v3_1_ip_project/Hardware/vivadoProjects/project_LUDH/project_LUDH.srcs/sources_1/bd/design_DIV/ip/design_DIV_floating_point_0_0/design_DIV_floating_point_0_0_sim_netlist.vhdl'. Please regenerate to continue.
WARNING: [IP_Flow 19-3664] IP 'design_MAC_floating_point_0_0' generated file not found 'c:/Users/anuragchoudhury/Desktop/local_documents/Vivado/New_scheduler_implementation/LUD_v3_1_ip_project/Hardware/vivadoProjects/project_LUDH/project_LUDH.srcs/sources_1/bd/design_MAC/ip/design_MAC_floating_point_0_0/design_MAC_floating_point_0_0_sim_netlist.v'. Please regenerate to continue.
WARNING: [IP_Flow 19-3664] IP 'design_MAC_floating_point_0_0' generated file not found 'c:/Users/anuragchoudhury/Desktop/local_documents/Vivado/New_scheduler_implementation/LUD_v3_1_ip_project/Hardware/vivadoProjects/project_LUDH/project_LUDH.srcs/sources_1/bd/design_MAC/ip/design_MAC_floating_point_0_0/design_MAC_floating_point_0_0_sim_netlist.vhdl'. Please regenerate to continue.
WARNING: [IP_Flow 19-3664] IP 'design_BRAM_A_blk_mem_gen_0_1' generated file not found 'c:/Users/anuragchoudhury/Desktop/local_documents/Vivado/New_scheduler_implementation/LUD_v3_1_ip_project/Hardware/vivadoProjects/project_LUDH/project_LUDH.srcs/sources_1/bd/design_BRAM_A/ip/design_BRAM_A_blk_mem_gen_0_1/design_BRAM_A_blk_mem_gen_0_1_sim_netlist.v'. Please regenerate to continue.
WARNING: [IP_Flow 19-3664] IP 'design_BRAM_A_blk_mem_gen_0_1' generated file not found 'c:/Users/anuragchoudhury/Desktop/local_documents/Vivado/New_scheduler_implementation/LUD_v3_1_ip_project/Hardware/vivadoProjects/project_LUDH/project_LUDH.srcs/sources_1/bd/design_BRAM_A/ip/design_BRAM_A_blk_mem_gen_0_1/design_BRAM_A_blk_mem_gen_0_1_sim_netlist.vhdl'. Please regenerate to continue.
WARNING: [IP_Flow 19-3664] IP 'design_CTRL_blk_mem_gen_0_0' generated file not found 'c:/Users/anuragchoudhury/Desktop/local_documents/Vivado/New_scheduler_implementation/LUD_v3_1_ip_project/Hardware/vivadoProjects/project_LUDH/project_LUDH.srcs/sources_1/bd/design_CTRL/ip/design_CTRL_blk_mem_gen_0_0/design_CTRL_blk_mem_gen_0_0_sim_netlist.vhdl'. Please regenerate to continue.
open_project: Time (s): cpu = 00:00:15 ; elapsed = 00:00:09 . Memory (MB): peak = 687.492 ; gain = 101.871
open_bd_design {C:/Users/anuragchoudhury/Desktop/local_documents/Vivado/New_scheduler_implementation/LUD_v3_1_ip_project/Hardware/vivadoProjects/project_LUDH/project_LUDH.srcs/sources_1/bd/design_DIV/design_DIV.bd}
Adding cell -- xilinx.com:ip:floating_point:7.1 - floating_point_0
Successfully read diagram <design_DIV> from BD file <C:/Users/anuragchoudhury/Desktop/local_documents/Vivado/New_scheduler_implementation/LUD_v3_1_ip_project/Hardware/vivadoProjects/project_LUDH/project_LUDH.srcs/sources_1/bd/design_DIV/design_DIV.bd>
open_bd_design: Time (s): cpu = 00:00:10 ; elapsed = 00:00:07 . Memory (MB): peak = 875.004 ; gain = 0.000
open_bd_design {C:/Users/anuragchoudhury/Desktop/local_documents/Vivado/New_scheduler_implementation/LUD_v3_1_ip_project/Hardware/vivadoProjects/project_LUDH/project_LUDH.srcs/sources_1/bd/design_MAC/design_MAC.bd}
Adding cell -- xilinx.com:ip:floating_point:7.1 - floating_point_0
Successfully read diagram <design_MAC> from BD file <C:/Users/anuragchoudhury/Desktop/local_documents/Vivado/New_scheduler_implementation/LUD_v3_1_ip_project/Hardware/vivadoProjects/project_LUDH/project_LUDH.srcs/sources_1/bd/design_MAC/design_MAC.bd>
open_bd_design {C:/Users/anuragchoudhury/Desktop/local_documents/Vivado/New_scheduler_implementation/LUD_v3_1_ip_project/Hardware/vivadoProjects/project_LUDH/project_LUDH.srcs/sources_1/bd/design_BRAM_A/design_BRAM_A.bd}
Adding cell -- xilinx.com:ip:blk_mem_gen:8.4 - blk_mem_gen_0
Successfully read diagram <design_BRAM_A> from BD file <C:/Users/anuragchoudhury/Desktop/local_documents/Vivado/New_scheduler_implementation/LUD_v3_1_ip_project/Hardware/vivadoProjects/project_LUDH/project_LUDH.srcs/sources_1/bd/design_BRAM_A/design_BRAM_A.bd>
INFO: [Device 21-403] Loading part xczu7ev-ffvc1156-2-e
WARNING: [IP_Flow 19-4067] Ignoring invalid widget type specified checkbox.Providing a default widget
WARNING: [IP_Flow 19-4067] Ignoring invalid widget type specified checkbox.Providing a default widget
open_bd_design {C:/Users/anuragchoudhury/Desktop/local_documents/Vivado/New_scheduler_implementation/LUD_v3_1_ip_project/Hardware/vivadoProjects/project_LUDH/project_LUDH.srcs/sources_1/bd/design_CTRL/design_CTRL.bd}
Adding cell -- xilinx.com:ip:blk_mem_gen:8.4 - blk_mem_gen_0
Successfully read diagram <design_CTRL> from BD file <C:/Users/anuragchoudhury/Desktop/local_documents/Vivado/New_scheduler_implementation/LUD_v3_1_ip_project/Hardware/vivadoProjects/project_LUDH/project_LUDH.srcs/sources_1/bd/design_CTRL/design_CTRL.bd>
WARNING: [IP_Flow 19-4067] Ignoring invalid widget type specified checkbox.Providing a default widget
WARNING: [IP_Flow 19-4067] Ignoring invalid widget type specified checkbox.Providing a default widget
