#-----------------------------------------------------------
# Vivado v2018.3 (64-bit)
# SW Build 2405991 on Thu Dec  6 23:38:27 MST 2018
# IP Build 2404404 on Fri Dec  7 01:43:56 MST 2018
# Start of session at: Thu May  7 11:25:12 2020
# Process ID: 7472
# Current directory: C:/Users/anuragchoudhury/Desktop/local_documents/Vivado/LUD_v3_3_ip_project/Hardware/vivadoProjects/project_LUDH
# Command line: vivado.exe -gui_launcher_event rodinguilauncherevent1672 C:\Users\anuragchoudhury\Desktop\local_documents\Vivado\LUD_v3_3_ip_project\Hardware\vivadoProjects\project_LUDH\project_LUDH.xpr
# Log file: C:/Users/anuragchoudhury/Desktop/local_documents/Vivado/LUD_v3_3_ip_project/Hardware/vivadoProjects/project_LUDH/vivado.log
# Journal file: C:/Users/anuragchoudhury/Desktop/local_documents/Vivado/LUD_v3_3_ip_project/Hardware/vivadoProjects/project_LUDH\vivado.jou
#-----------------------------------------------------------
start_gui
open_project C:/Users/anuragchoudhury/Desktop/local_documents/Vivado/LUD_v3_3_ip_project/Hardware/vivadoProjects/project_LUDH/project_LUDH.xpr
INFO: [ProjectBase 1-489] The host OS only allows 260 characters in a normal path. The project is stored in a path with more than 80 characters. If you experience issues with IP, Block Designs, or files not being found, please consider moving the project to a location with a shorter path. Alternately consider using the OS subst command to map part of the path to a drive letter.
Current project path is 'C:/Users/anuragchoudhury/Desktop/local_documents/Vivado/LUD_v3_3_ip_project/Hardware/vivadoProjects/project_LUDH'
Scanning sources...
Finished scanning sources
WARNING: [filemgmt 56-3] IP Repository Path: Could not find the directory 'C:/Users/anuragchoudhury/Desktop/local_documents/Vivado/LUD_v3_3_ip_project/Hardware/LUD_v3_1_ip'.
WARNING: [filemgmt 56-3] IP Repository Path: Could not find the directory 'C:/Users/anuragchoudhury/Desktop/local_documents/Vivado/LUD_v3_3_ip_project/Hardware/lud_ip_v2'.
INFO: [IP_Flow 19-234] Refreshing IP repositories
INFO: [IP_Flow 19-1700] Loaded user IP repository 'c:/Users/anuragchoudhury/Desktop/local_documents/Vivado/LUD_v3_3_ip_project/Hardware/LUD_v3_2_ip'.
WARNING: [IP_Flow 19-2248] Failed to load user IP repository 'c:/Users/anuragchoudhury/Desktop/local_documents/Vivado/LUD_v3_3_ip_project/Hardware/LUD_v3_1_ip'; Can't find the specified path.
If this directory should no longer be in your list of user repositories, go to the IP Settings dialog and remove it.
WARNING: [IP_Flow 19-2248] Failed to load user IP repository 'c:/Users/anuragchoudhury/Desktop/local_documents/Vivado/LUD_v3_3_ip_project/Hardware/lud_ip_v2'; Can't find the specified path.
If this directory should no longer be in your list of user repositories, go to the IP Settings dialog and remove it.
INFO: [IP_Flow 19-2313] Loaded Vivado IP repository 'C:/Xilinx/Vivado/2018.3/data/ip'.
open_project: Time (s): cpu = 00:00:19 ; elapsed = 00:00:17 . Memory (MB): peak = 717.238 ; gain = 101.680
open_bd_design {C:/Users/anuragchoudhury/Desktop/local_documents/Vivado/LUD_v3_3_ip_project/Hardware/vivadoProjects/project_LUDH/project_LUDH.srcs/sources_1/bd/design_CTRL/design_CTRL.bd}
Adding cell -- xilinx.com:ip:blk_mem_gen:8.4 - blk_mem_gen_0
Successfully read diagram <design_CTRL> from BD file <C:/Users/anuragchoudhury/Desktop/local_documents/Vivado/LUD_v3_3_ip_project/Hardware/vivadoProjects/project_LUDH/project_LUDH.srcs/sources_1/bd/design_CTRL/design_CTRL.bd>
open_bd_design: Time (s): cpu = 00:00:11 ; elapsed = 00:00:11 . Memory (MB): peak = 1105.195 ; gain = 0.000
INFO: [Device 21-403] Loading part xczu7ev-ffvc1156-2-e
WARNING: [IP_Flow 19-4067] Ignoring invalid widget type specified checkbox.Providing a default widget
WARNING: [IP_Flow 19-4067] Ignoring invalid widget type specified checkbox.Providing a default widget
open_bd_design {C:/Users/anuragchoudhury/Desktop/local_documents/Vivado/LUD_v3_3_ip_project/Hardware/vivadoProjects/project_LUDH/project_LUDH.srcs/sources_1/bd/design_BRAM_A/design_BRAM_A.bd}
Adding cell -- xilinx.com:ip:blk_mem_gen:8.4 - blk_mem_gen_0
Successfully read diagram <design_BRAM_A> from BD file <C:/Users/anuragchoudhury/Desktop/local_documents/Vivado/LUD_v3_3_ip_project/Hardware/vivadoProjects/project_LUDH/project_LUDH.srcs/sources_1/bd/design_BRAM_A/design_BRAM_A.bd>
WARNING: [IP_Flow 19-4067] Ignoring invalid widget type specified checkbox.Providing a default widget
WARNING: [IP_Flow 19-4067] Ignoring invalid widget type specified checkbox.Providing a default widget
export_ip_user_files -of_objects  [get_files C:/Users/anuragchoudhury/Desktop/local_documents/Vivado/LUD_v3_3_ip_project/Hardware/vivadoProjects/project_LUDH/project_LUDH.srcs/sources_1/bd/design_BRAM_B/design_BRAM_B.bd] -no_script -reset -force -quiet
remove_files  C:/Users/anuragchoudhury/Desktop/local_documents/Vivado/LUD_v3_3_ip_project/Hardware/vivadoProjects/project_LUDH/project_LUDH.srcs/sources_1/bd/design_BRAM_B/design_BRAM_B.bd
file delete -force C:/Users/anuragchoudhury/Desktop/local_documents/Vivado/LUD_v3_3_ip_project/Hardware/vivadoProjects/project_LUDH/project_LUDH.srcs/sources_1/bd/design_BRAM_B
export_ip_user_files -of_objects  [get_files C:/Users/anuragchoudhury/Desktop/local_documents/Vivado/LUD_v3_3_ip_project/Hardware/vivadoProjects/project_LUDH/project_LUDH.srcs/sources_1/imports/hdl/design_BRAM_B_wrapper.vhd] -no_script -reset -force -quiet
remove_files  C:/Users/anuragchoudhury/Desktop/local_documents/Vivado/LUD_v3_3_ip_project/Hardware/vivadoProjects/project_LUDH/project_LUDH.srcs/sources_1/imports/hdl/design_BRAM_B_wrapper.vhd
file delete -force C:/Users/anuragchoudhury/Desktop/local_documents/Vivado/LUD_v3_3_ip_project/Hardware/vivadoProjects/project_LUDH/project_LUDH.srcs/sources_1/imports/hdl/design_BRAM_B_wrapper.vhd
export_ip_user_files -of_objects  [get_files C:/Users/anuragchoudhury/Desktop/local_documents/Vivado/LUD_v3_3_ip_project/Hardware/vivadoProjects/project_LUDH/project_LUDH.srcs/sources_1/bd/design_BRAM_C/design_BRAM_C.bd] -no_script -reset -force -quiet
remove_files  C:/Users/anuragchoudhury/Desktop/local_documents/Vivado/LUD_v3_3_ip_project/Hardware/vivadoProjects/project_LUDH/project_LUDH.srcs/sources_1/bd/design_BRAM_C/design_BRAM_C.bd
file delete -force C:/Users/anuragchoudhury/Desktop/local_documents/Vivado/LUD_v3_3_ip_project/Hardware/vivadoProjects/project_LUDH/project_LUDH.srcs/sources_1/bd/design_BRAM_C
export_ip_user_files -of_objects  [get_files C:/Users/anuragchoudhury/Desktop/local_documents/Vivado/LUD_v3_3_ip_project/Hardware/vivadoProjects/project_LUDH/project_LUDH.srcs/sources_1/imports/hdl/design_BRAM_C_wrapper.vhd] -no_script -reset -force -quiet
remove_files  C:/Users/anuragchoudhury/Desktop/local_documents/Vivado/LUD_v3_3_ip_project/Hardware/vivadoProjects/project_LUDH/project_LUDH.srcs/sources_1/imports/hdl/design_BRAM_C_wrapper.vhd
file delete -force C:/Users/anuragchoudhury/Desktop/local_documents/Vivado/LUD_v3_3_ip_project/Hardware/vivadoProjects/project_LUDH/project_LUDH.srcs/sources_1/imports/hdl/design_BRAM_C_wrapper.vhd
export_ip_user_files -of_objects  [get_files C:/Users/anuragchoudhury/Desktop/local_documents/Vivado/LUD_v3_3_ip_project/Hardware/vivadoProjects/project_LUDH/project_LUDH.srcs/sources_1/bd/design_BRAM_D/design_BRAM_D.bd] -no_script -reset -force -quiet
remove_files  C:/Users/anuragchoudhury/Desktop/local_documents/Vivado/LUD_v3_3_ip_project/Hardware/vivadoProjects/project_LUDH/project_LUDH.srcs/sources_1/bd/design_BRAM_D/design_BRAM_D.bd
file delete -force C:/Users/anuragchoudhury/Desktop/local_documents/Vivado/LUD_v3_3_ip_project/Hardware/vivadoProjects/project_LUDH/project_LUDH.srcs/sources_1/bd/design_BRAM_D
export_ip_user_files -of_objects  [get_files C:/Users/anuragchoudhury/Desktop/local_documents/Vivado/LUD_v3_3_ip_project/Hardware/vivadoProjects/project_LUDH/project_LUDH.srcs/sources_1/imports/hdl/design_BRAM_D_wrapper.vhd] -no_script -reset -force -quiet
remove_files  C:/Users/anuragchoudhury/Desktop/local_documents/Vivado/LUD_v3_3_ip_project/Hardware/vivadoProjects/project_LUDH/project_LUDH.srcs/sources_1/imports/hdl/design_BRAM_D_wrapper.vhd
file delete -force C:/Users/anuragchoudhury/Desktop/local_documents/Vivado/LUD_v3_3_ip_project/Hardware/vivadoProjects/project_LUDH/project_LUDH.srcs/sources_1/imports/hdl/design_BRAM_D_wrapper.vhd
current_bd_design [get_bd_designs design_CTRL]
close_bd_design [get_bd_designs design_CTRL]
close_bd_design [get_bd_designs design_BRAM_A]
open_bd_design {C:/Users/anuragchoudhury/Desktop/local_documents/Vivado/LUD_v3_3_ip_project/Hardware/vivadoProjects/project_LUDH/project_LUDH.srcs/sources_1/bd/design_DIV/design_DIV.bd}
Adding cell -- xilinx.com:ip:floating_point:7.1 - floating_point_0
Successfully read diagram <design_DIV> from BD file <C:/Users/anuragchoudhury/Desktop/local_documents/Vivado/LUD_v3_3_ip_project/Hardware/vivadoProjects/project_LUDH/project_LUDH.srcs/sources_1/bd/design_DIV/design_DIV.bd>
startgroup
set_property -dict [list CONFIG.C_Latency {10}] [get_bd_cells floating_point_0]
endgroup
open_bd_design {C:/Users/anuragchoudhury/Desktop/local_documents/Vivado/LUD_v3_3_ip_project/Hardware/vivadoProjects/project_LUDH/project_LUDH.srcs/sources_1/bd/design_MAC/design_MAC.bd}
Adding cell -- xilinx.com:ip:floating_point:7.1 - floating_point_0
Successfully read diagram <design_MAC> from BD file <C:/Users/anuragchoudhury/Desktop/local_documents/Vivado/LUD_v3_3_ip_project/Hardware/vivadoProjects/project_LUDH/project_LUDH.srcs/sources_1/bd/design_MAC/design_MAC.bd>
startgroup
set_property -dict [list CONFIG.C_Latency {11}] [get_bd_cells floating_point_0]
endgroup
save_bd_design
Wrote  : <C:\Users\anuragchoudhury\Desktop\local_documents\Vivado\LUD_v3_3_ip_project\Hardware\vivadoProjects\project_LUDH\project_LUDH.srcs\sources_1\bd\design_MAC\design_MAC.bd> 
current_bd_design [get_bd_designs design_DIV]
save_bd_design
Wrote  : <C:\Users\anuragchoudhury\Desktop\local_documents\Vivado\LUD_v3_3_ip_project\Hardware\vivadoProjects\project_LUDH\project_LUDH.srcs\sources_1\bd\design_DIV\design_DIV.bd> 
exit
INFO: [Common 17-206] Exiting Vivado at Thu May  7 11:31:47 2020...
