Copyright 1986-2018 Xilinx, Inc. All Rights Reserved.
------------------------------------------------------------------------------------
| Tool Version : Vivado v.2018.3 (lin64) Build 2405991 Thu Dec  6 23:36:41 MST 2018
| Date         : Wed Jan  8 21:52:22 2020
| Host         : hpc24 running 64-bit Ubuntu 16.04.3 LTS
| Command      : upgrade_ip
| Device       : xczu7ev-ffvc1156-2-e
------------------------------------------------------------------------------------

Upgrade Log for IP 'design_MAC_floating_point_0_0'

1. Summary
----------

SUCCESS in the upgrade of design_MAC_floating_point_0_0 (xilinx.com:ip:floating_point:7.1) from (Rev. 6) to (Rev. 7)






Copyright 1986-2018 Xilinx, Inc. All Rights Reserved.
------------------------------------------------------------------------------------
| Tool Version : Vivado v.2018.3 (lin64) Build 2405991 Thu Dec  6 23:36:41 MST 2018
| Date         : Wed Jan  8 21:52:21 2020
| Host         : hpc24 running 64-bit Ubuntu 16.04.3 LTS
| Command      : upgrade_ip
| Device       : xczu7ev-ffvc1156-2-e
------------------------------------------------------------------------------------

Upgrade Log for IP 'design_DIV_floating_point_0_0'

1. Summary
----------

SUCCESS in the upgrade of design_DIV_floating_point_0_0 (xilinx.com:ip:floating_point:7.1) from (Rev. 6) to (Rev. 7)






Copyright 1986-2018 Xilinx, Inc. All Rights Reserved.
------------------------------------------------------------------------------------
| Tool Version : Vivado v.2018.3 (lin64) Build 2405991 Thu Dec  6 23:36:41 MST 2018
| Date         : Wed Jan  8 21:52:19 2020
| Host         : hpc24 running 64-bit Ubuntu 16.04.3 LTS
| Command      : upgrade_ip
| Device       : xczu7ev-ffvc1156-2-e
------------------------------------------------------------------------------------

Upgrade Log for IP 'design_CTRL_blk_mem_gen_0_0'

1. Summary
----------

SUCCESS in the upgrade of design_CTRL_blk_mem_gen_0_0 (xilinx.com:ip:blk_mem_gen:8.4) from (Rev. 1) to (Rev. 2)






Copyright 1986-2018 Xilinx, Inc. All Rights Reserved.
------------------------------------------------------------------------------------
| Tool Version : Vivado v.2018.3 (lin64) Build 2405991 Thu Dec  6 23:36:41 MST 2018
| Date         : Wed Jan  8 21:52:18 2020
| Host         : hpc24 running 64-bit Ubuntu 16.04.3 LTS
| Command      : upgrade_ip
| Device       : xczu7ev-ffvc1156-2-e
------------------------------------------------------------------------------------

Upgrade Log for IP 'design_BRAM_D_blk_mem_gen_0_0'

1. Summary
----------

SUCCESS in the upgrade of design_BRAM_D_blk_mem_gen_0_0 (xilinx.com:ip:blk_mem_gen:8.4) from (Rev. 1) to (Rev. 2)






Copyright 1986-2018 Xilinx, Inc. All Rights Reserved.
------------------------------------------------------------------------------------
| Tool Version : Vivado v.2018.3 (lin64) Build 2405991 Thu Dec  6 23:36:41 MST 2018
| Date         : Wed Jan  8 21:52:16 2020
| Host         : hpc24 running 64-bit Ubuntu 16.04.3 LTS
| Command      : upgrade_ip
| Device       : xczu7ev-ffvc1156-2-e
------------------------------------------------------------------------------------

Upgrade Log for IP 'design_BRAM_C_blk_mem_gen_0_0'

1. Summary
----------

SUCCESS in the upgrade of design_BRAM_C_blk_mem_gen_0_0 (xilinx.com:ip:blk_mem_gen:8.4) from (Rev. 1) to (Rev. 2)






Copyright 1986-2018 Xilinx, Inc. All Rights Reserved.
------------------------------------------------------------------------------------
| Tool Version : Vivado v.2018.3 (lin64) Build 2405991 Thu Dec  6 23:36:41 MST 2018
| Date         : Wed Jan  8 21:52:15 2020
| Host         : hpc24 running 64-bit Ubuntu 16.04.3 LTS
| Command      : upgrade_ip
| Device       : xczu7ev-ffvc1156-2-e
------------------------------------------------------------------------------------

Upgrade Log for IP 'design_BRAM_B_blk_mem_gen_0_0'

1. Summary
----------

SUCCESS in the upgrade of design_BRAM_B_blk_mem_gen_0_0 (xilinx.com:ip:blk_mem_gen:8.4) from (Rev. 1) to (Rev. 2)






Copyright 1986-2018 Xilinx, Inc. All Rights Reserved.
------------------------------------------------------------------------------------
| Tool Version : Vivado v.2018.3 (lin64) Build 2405991 Thu Dec  6 23:36:41 MST 2018
| Date         : Wed Jan  8 21:52:11 2020
| Host         : hpc24 running 64-bit Ubuntu 16.04.3 LTS
| Command      : upgrade_ip
| Device       : xczu7ev-ffvc1156-2-e
------------------------------------------------------------------------------------

Upgrade Log for IP 'design_BRAM_A_blk_mem_gen_0_1'

1. Summary
----------

SUCCESS in the upgrade of design_BRAM_A_blk_mem_gen_0_1 (xilinx.com:ip:blk_mem_gen:8.4) from (Rev. 1) to (Rev. 2)

