#-----------------------------------------------------------
# Vivado v2018.3 (64-bit)
# SW Build 2405991 on Thu Dec  6 23:38:27 MST 2018
# IP Build 2404404 on Fri Dec  7 01:43:56 MST 2018
# Start of session at: Sun Jun 28 11:47:19 2020
# Process ID: 1148
# Current directory: C:/Users/anuragchoudhury/Desktop/local_documents/Vivado/LUD_v3_4_ip_project/Hardware/vivadoProjects/project_LUDH
# Command line: vivado.exe -gui_launcher_event rodinguilauncherevent3196 C:\Users\anuragchoudhury\Desktop\local_documents\Vivado\LUD_v3_4_ip_project\Hardware\vivadoProjects\project_LUDH\project_LUDH.xpr
# Log file: C:/Users/anuragchoudhury/Desktop/local_documents/Vivado/LUD_v3_4_ip_project/Hardware/vivadoProjects/project_LUDH/vivado.log
# Journal file: C:/Users/anuragchoudhury/Desktop/local_documents/Vivado/LUD_v3_4_ip_project/Hardware/vivadoProjects/project_LUDH\vivado.jou
#-----------------------------------------------------------
start_gui
open_project C:/Users/anuragchoudhury/Desktop/local_documents/Vivado/LUD_v3_4_ip_project/Hardware/vivadoProjects/project_LUDH/project_LUDH.xpr
INFO: [ProjectBase 1-489] The host OS only allows 260 characters in a normal path. The project is stored in a path with more than 80 characters. If you experience issues with IP, Block Designs, or files not being found, please consider moving the project to a location with a shorter path. Alternately consider using the OS subst command to map part of the path to a drive letter.
Current project path is 'C:/Users/anuragchoudhury/Desktop/local_documents/Vivado/LUD_v3_4_ip_project/Hardware/vivadoProjects/project_LUDH'
Scanning sources...
Finished scanning sources
WARNING: [filemgmt 56-3] IP Repository Path: Could not find the directory 'C:/Users/anuragchoudhury/Desktop/local_documents/Vivado/LUD_v3_4_ip_project/Hardware/vivadoProjects/ip_repo/myip_1.0'.
WARNING: [filemgmt 56-3] IP Repository Path: Could not find the directory 'C:/Users/anuragchoudhury/Desktop/local_documents/Vivado/LUD_v3_4_ip_project/Hardware/vivadoProjects/ip_repo/myip_LUdecomposition_3.0'.
WARNING: [filemgmt 56-3] IP Repository Path: Could not find the directory 'C:/Users/anuragchoudhury/Desktop/local_documents/Vivado/LUD_v3_4_ip_project/Hardware/LUD_v3_2_ip'.
WARNING: [filemgmt 56-3] IP Repository Path: Could not find the directory 'C:/Users/anuragchoudhury/Desktop/local_documents/Vivado/LUD_v3_4_ip_project/Hardware/LUD_v3_1_ip'.
WARNING: [filemgmt 56-3] IP Repository Path: Could not find the directory 'C:/Users/anuragchoudhury/Desktop/local_documents/Vivado/LUD_v3_4_ip_project/Hardware/lud_ip_v2'.
INFO: [IP_Flow 19-234] Refreshing IP repositories
INFO: [IP_Flow 19-1700] Loaded user IP repository 'c:/Users/anuragchoudhury/Desktop/local_documents/Vivado/LUD_v3_4_ip_project/Hardware/LUD_v3_4_ip'.
WARNING: [IP_Flow 19-2248] Failed to load user IP repository 'c:/Users/anuragchoudhury/Desktop/local_documents/Vivado/LUD_v3_4_ip_project/Hardware/vivadoProjects/ip_repo/myip_1.0'; Can't find the specified path.
If this directory should no longer be in your list of user repositories, go to the IP Settings dialog and remove it.
WARNING: [IP_Flow 19-2248] Failed to load user IP repository 'c:/Users/anuragchoudhury/Desktop/local_documents/Vivado/LUD_v3_4_ip_project/Hardware/vivadoProjects/ip_repo/myip_LUdecomposition_3.0'; Can't find the specified path.
If this directory should no longer be in your list of user repositories, go to the IP Settings dialog and remove it.
WARNING: [IP_Flow 19-2248] Failed to load user IP repository 'c:/Users/anuragchoudhury/Desktop/local_documents/Vivado/LUD_v3_4_ip_project/Hardware/LUD_v3_2_ip'; Can't find the specified path.
If this directory should no longer be in your list of user repositories, go to the IP Settings dialog and remove it.
WARNING: [IP_Flow 19-2248] Failed to load user IP repository 'c:/Users/anuragchoudhury/Desktop/local_documents/Vivado/LUD_v3_4_ip_project/Hardware/LUD_v3_1_ip'; Can't find the specified path.
If this directory should no longer be in your list of user repositories, go to the IP Settings dialog and remove it.
WARNING: [IP_Flow 19-2248] Failed to load user IP repository 'c:/Users/anuragchoudhury/Desktop/local_documents/Vivado/LUD_v3_4_ip_project/Hardware/lud_ip_v2'; Can't find the specified path.
If this directory should no longer be in your list of user repositories, go to the IP Settings dialog and remove it.
INFO: [IP_Flow 19-2313] Loaded Vivado IP repository 'C:/Xilinx/Vivado/2018.3/data/ip'.
open_project: Time (s): cpu = 00:00:12 ; elapsed = 00:00:07 . Memory (MB): peak = 771.078 ; gain = 157.457
reset_run synth_1
launch_runs synth_1 -jobs 3
[Sun Jun 28 11:48:06 2020] Launched synth_1...
Run output will be captured here: C:/Users/anuragchoudhury/Desktop/local_documents/Vivado/LUD_v3_4_ip_project/Hardware/vivadoProjects/project_LUDH/project_LUDH.runs/synth_1/runme.log
exit
INFO: [Common 17-206] Exiting Vivado at Sun Jun 28 12:37:55 2020...
